*********************************************************************
* LD Score Regression (LDSC)
* Version 1.0.1
* (C) 2014-2019 Brendan Bulik-Sullivan and Hilary Finucane
* Broad Institute of MIT and Harvard / MIT Department of Mathematics
* GNU General Public License v3
*********************************************************************
Call: 
./ldsc.py \
--ref-ld-chr ./../../../../../ldsc/eur_w_ld_chr/ \
--out avg_femur_rg \
--rg ./../important_sumstats/avg_femur.sumstats.gz,./../important_sumstats/avg_forearm.sumstats.gz,./../important_sumstats/avg_humerus.sumstats.gz,./../important_sumstats/avg_tibia.sumstats.gz,./../important_sumstats/birth_length.sumstats.gz,./../important_sumstats/global_FI.sumstats.gz,./../important_sumstats/global_GMV.sumstats.gz,./../important_sumstats/global_IC.sumstats.gz,./../important_sumstats/global_SA.sumstats.gz,./../important_sumstats/HC.sumstats.gz,./../important_sumstats/height.sumstats.gz,./../important_sumstats/hip_width.sumstats.gz,./../important_sumstats/shoulder_width.sumstats.gz,./../important_sumstats/torso_length.sumstats.gz \
--w-ld-chr ./../../../../../ldsc/eur_w_ld_chr/ 

Beginning analysis at Fri Dec  5 14:53:57 2025
Reading summary statistics from ./../important_sumstats/avg_femur.sumstats.gz ...
Read summary statistics for 1033752 SNPs.
Reading reference panel LD Score from ./../../../../../ldsc/eur_w_ld_chr/[1-22] ... (ldscore_fromlist)
Read reference panel LD Scores for 1290028 SNPs.
Removing partitioned LD Scores with zero variance.
Reading regression weight LD Score from ./../../../../../ldsc/eur_w_ld_chr/[1-22] ... (ldscore_fromlist)
Read regression weight LD Scores for 1290028 SNPs.
After merging with reference panel LD, 1027758 SNPs remain.
After merging with regression SNP LD, 1027758 SNPs remain.
Computing rg for phenotype 2/14
Reading summary statistics from ./../important_sumstats/avg_forearm.sumstats.gz ...
Read summary statistics for 1217311 SNPs.
After merging with summary statistics, 1027758 SNPs remain.
1027758 SNPs with valid alleles.

Heritability of phenotype 1
---------------------------
Total Observed scale h2: 0.4653 (0.0286)
Lambda GC: 1.3374
Mean Chi^2: 1.5505
Intercept: 1.0398 (0.0131)
Ratio: 0.0724 (0.0237)

Heritability of phenotype 2/14
------------------------------
Total Observed scale h2: 0.4367 (0.0304)
Lambda GC: 1.3101
Mean Chi^2: 1.5187
Intercept: 1.0325 (0.014)
Ratio: 0.0626 (0.0271)

Genetic Covariance
------------------
Total Observed scale gencov: 0.3751 (0.0261)
Mean z1*z2: 1.2387
Intercept: 0.8234 (0.012)

Genetic Correlation
-------------------
Genetic Correlation: 0.832 (0.0119)
Z-score: 69.668
P: 0.

Computing rg for phenotype 3/14
Reading summary statistics from ./../important_sumstats/avg_humerus.sumstats.gz ...
Read summary statistics for 1217311 SNPs.
After merging with summary statistics, 1027758 SNPs remain.
1027758 SNPs with valid alleles.

Heritability of phenotype 3/14
------------------------------
Total Observed scale h2: 0.4479 (0.0294)
Lambda GC: 1.3203
Mean Chi^2: 1.5308
Intercept: 1.031 (0.0127)
Ratio: 0.0584 (0.024)

Genetic Covariance
------------------
Total Observed scale gencov: 0.3895 (0.0256)
Mean z1*z2: 1.2579
Intercept: 0.8264 (0.0117)

Genetic Correlation
-------------------
Genetic Correlation: 0.8532 (0.0114)
Z-score: 74.9475
P: 0.

Computing rg for phenotype 4/14
Reading summary statistics from ./../important_sumstats/avg_tibia.sumstats.gz ...
Read summary statistics for 1217311 SNPs.
After merging with summary statistics, 1027758 SNPs remain.
1027757 SNPs with valid alleles.

Heritability of phenotype 4/14
------------------------------
Total Observed scale h2: 0.4604 (0.0291)
Lambda GC: 1.334
Mean Chi^2: 1.5578
Intercept: 1.0517 (0.0133)
Ratio: 0.0926 (0.0238)

Genetic Covariance
------------------
Total Observed scale gencov: 0.4206 (0.0272)
Mean z1*z2: 1.3859
Intercept: 0.9221 (0.0124)

Genetic Correlation
-------------------
Genetic Correlation: 0.9086 (0.0059)
Z-score: 153.0071
P: 0.

Computing rg for phenotype 5/14
Reading summary statistics from ./../important_sumstats/birth_length.sumstats.gz ...
Read summary statistics for 1217311 SNPs.
After merging with summary statistics, 1027758 SNPs remain.
854501 SNPs with valid alleles.

Heritability of phenotype 5/14
------------------------------
Total Observed scale h2: 0.171 (0.0251)
Lambda GC: 1.0618
Mean Chi^2: 1.07
Intercept: 0.9913 (0.008)
Ratio < 0 (usually indicates GC correction).

Genetic Covariance
------------------
Total Observed scale gencov: 0.1288 (0.0184)
Mean z1*z2: 0.1103
Intercept: 0.0144 (0.0079)

Genetic Correlation
-------------------
Genetic Correlation: 0.4639 (0.0589)
Z-score: 7.8776
P: 3.3383e-15

Computing rg for phenotype 6/14
Reading summary statistics from ./../important_sumstats/global_FI.sumstats.gz ...
Read summary statistics for 1217311 SNPs.
After merging with summary statistics, 1027758 SNPs remain.
1026241 SNPs with valid alleles.

Heritability of phenotype 6/14
------------------------------
Total Observed scale h2: 0.3725 (0.0258)
Lambda GC: 1.2865
Mean Chi^2: 1.4375
Intercept: 1.0123 (0.0121)
Ratio: 0.028 (0.0276)

Genetic Covariance
------------------
Total Observed scale gencov: 0.0698 (0.0146)
Mean z1*z2: 0.1742
Intercept: 0.0942 (0.0072)

Genetic Correlation
-------------------
Genetic Correlation: 0.1677 (0.0325)
Z-score: 5.1576
P: 2.501e-07

Computing rg for phenotype 7/14
Reading summary statistics from ./../important_sumstats/global_GMV.sumstats.gz ...
Read summary statistics for 1217311 SNPs.
After merging with summary statistics, 1027758 SNPs remain.
1026241 SNPs with valid alleles.

Heritability of phenotype 7/14
------------------------------
Total Observed scale h2: 0.3287 (0.027)
Lambda GC: 1.2464
Mean Chi^2: 1.4069
Intercept: 1.0314 (0.0126)
Ratio: 0.0771 (0.031)

Genetic Covariance
------------------
Total Observed scale gencov: 0.0698 (0.0154)
Mean z1*z2: 0.2083
Intercept: 0.1303 (0.0078)

Genetic Correlation
-------------------
Genetic Correlation: 0.1784 (0.0358)
Z-score: 4.9772
P: 6.4522e-07

Computing rg for phenotype 8/14
Reading summary statistics from ./../important_sumstats/global_IC.sumstats.gz ...
Read summary statistics for 1217311 SNPs.
After merging with summary statistics, 1027758 SNPs remain.
1026241 SNPs with valid alleles.

Heritability of phenotype 8/14
------------------------------
Total Observed scale h2: 0.3164 (0.0223)
Lambda GC: 1.2531
Mean Chi^2: 1.3677
Intercept: 1.0144 (0.0104)
Ratio: 0.0392 (0.0282)

Genetic Covariance
------------------
Total Observed scale gencov: 0.0833 (0.0141)
Mean z1*z2: 0.1776
Intercept: 0.0854 (0.0069)

Genetic Correlation
-------------------
Genetic Correlation: 0.217 (0.0341)
Z-score: 6.3695
P: 1.896e-10

Computing rg for phenotype 9/14
Reading summary statistics from ./../important_sumstats/global_SA.sumstats.gz ...
Read summary statistics for 1217311 SNPs.
After merging with summary statistics, 1027758 SNPs remain.
1026241 SNPs with valid alleles.

Heritability of phenotype 9/14
------------------------------
Total Observed scale h2: 0.4003 (0.0331)
Lambda GC: 1.2966
Mean Chi^2: 1.4798
Intercept: 1.018 (0.0138)
Ratio: 0.0374 (0.0287)

Genetic Covariance
------------------
Total Observed scale gencov: 0.0836 (0.016)
Mean z1*z2: 0.2311
Intercept: 0.1343 (0.0077)

Genetic Correlation
-------------------
Genetic Correlation: 0.1935 (0.0334)
Z-score: 5.7975
P: 6.7307e-09

Computing rg for phenotype 10/14
Reading summary statistics from ./../important_sumstats/HC.sumstats.gz ...
Read summary statistics for 1217311 SNPs.
After merging with summary statistics, 1027758 SNPs remain.
928119 SNPs with valid alleles.

Heritability of phenotype 10/14
-------------------------------
Total Observed scale h2: 0.0829 (0.0164)
Lambda GC: 1.0649
Mean Chi^2: 1.0785
Intercept: 1.0238 (0.008)
Ratio: 0.3033 (0.1013)

Genetic Covariance
------------------
Total Observed scale gencov: 0.0707 (0.0134)
Mean z1*z2: 0.0564
Intercept: -0.0054 (0.0065)

Genetic Correlation
-------------------
Genetic Correlation: 0.3587 (0.0689)
Z-score: 5.2041
P: 1.9499e-07

Computing rg for phenotype 11/14
Reading summary statistics from ./../important_sumstats/height.sumstats.gz ...
Read summary statistics for 1217311 SNPs.
After merging with summary statistics, 1027758 SNPs remain.
930437 SNPs with valid alleles.

Heritability of phenotype 11/14
-------------------------------
Total Observed scale h2: 0.389 (0.0182)
Lambda GC: 5.3979
Mean Chi^2: 15.1758
Intercept: 2.2647 (0.2017)
Ratio: 0.0892 (0.0142)

Genetic Covariance
------------------
Total Observed scale gencov: 0.3663 (0.0176)
Mean z1*z2: 2.5732
Intercept: 0.3362 (0.0389)

Genetic Correlation
-------------------
Genetic Correlation: 0.8782 (0.0133)
Z-score: 65.8988
P: 0.

Computing rg for phenotype 12/14
Reading summary statistics from ./../important_sumstats/hip_width.sumstats.gz ...
Read summary statistics for 1217311 SNPs.
After merging with summary statistics, 1027758 SNPs remain.
1027758 SNPs with valid alleles.

Heritability of phenotype 12/14
-------------------------------
Total Observed scale h2: 0.391 (0.0339)
Lambda GC: 1.2865
Mean Chi^2: 1.455
Intercept: 1.0269 (0.0148)
Ratio: 0.0591 (0.0326)

Genetic Covariance
------------------
Total Observed scale gencov: 0.245 (0.0201)
Mean z1*z2: 0.7561
Intercept: 0.4897 (0.0099)

Genetic Correlation
-------------------
Genetic Correlation: 0.5744 (0.0239)
Z-score: 24.0624
P: 6.192e-128

Computing rg for phenotype 13/14
Reading summary statistics from ./../important_sumstats/shoulder_width.sumstats.gz ...
Read summary statistics for 1217311 SNPs.
After merging with summary statistics, 1027758 SNPs remain.
1027758 SNPs with valid alleles.

Heritability of phenotype 13/14
-------------------------------
Total Observed scale h2: 0.3356 (0.0224)
Lambda GC: 1.2597
Mean Chi^2: 1.3768
Intercept: 1.0161 (0.0099)
Ratio: 0.0428 (0.0263)

Genetic Covariance
------------------
Total Observed scale gencov: 0.1841 (0.018)
Mean z1*z2: 0.619
Intercept: 0.4196 (0.0082)

Genetic Correlation
-------------------
Genetic Correlation: 0.4658 (0.0274)
Z-score: 16.9807
P: 1.1403e-64

Computing rg for phenotype 14/14
Reading summary statistics from ./../important_sumstats/torso_length.sumstats.gz ...
Read summary statistics for 1217311 SNPs.
After merging with summary statistics, 1027758 SNPs remain.
1027758 SNPs with valid alleles.

Heritability of phenotype 14/14
-------------------------------
Total Observed scale h2: 0.3793 (0.0264)
Lambda GC: 1.2831
Mean Chi^2: 1.4314
Intercept: 1.0148 (0.0119)
Ratio: 0.0344 (0.0275)

Genetic Covariance
------------------
Total Observed scale gencov: 0.2072 (0.0179)
Mean z1*z2: 0.6324
Intercept: 0.4007 (0.0092)

Genetic Correlation
-------------------
Genetic Correlation: 0.4932 (0.023)
Z-score: 21.4271
P: 7.4687e-102


Summary of Genetic Correlation Results
p1                                                  p2      rg      se         z            p  h2_obs  h2_obs_se  h2_int  h2_int_se  gcov_int  gcov_int_se
./../important_sumstats/avg_femur.sumstats.gz     ./../important_sumstats/avg_forearm.sumstats.gz  0.8320  0.0119   69.6680   0.0000e+00  0.4367     0.0304  1.0325     0.0140    0.8234       0.0120
./../important_sumstats/avg_femur.sumstats.gz     ./../important_sumstats/avg_humerus.sumstats.gz  0.8532  0.0114   74.9475   0.0000e+00  0.4479     0.0294  1.0310     0.0127    0.8264       0.0117
./../important_sumstats/avg_femur.sumstats.gz       ./../important_sumstats/avg_tibia.sumstats.gz  0.9086  0.0059  153.0071   0.0000e+00  0.4604     0.0291  1.0517     0.0133    0.9221       0.0124
./../important_sumstats/avg_femur.sumstats.gz       ./../important_sumstats/global_FI.sumstats.gz  0.1677  0.0325    5.1576   2.5010e-07  0.3725     0.0258  1.0123     0.0121    0.0942       0.0072
./../important_sumstats/avg_femur.sumstats.gz       ./../important_sumstats/global_IC.sumstats.gz  0.2170  0.0341    6.3695   1.8960e-10  0.3164     0.0223  1.0144     0.0104    0.0854       0.0069
./../important_sumstats/avg_femur.sumstats.gz       ./../important_sumstats/global_SA.sumstats.gz  0.1935  0.0334    5.7975   6.7307e-09  0.4003     0.0331  1.0180     0.0138    0.1343       0.0077
./../important_sumstats/avg_femur.sumstats.gz       ./../important_sumstats/hip_width.sumstats.gz  0.5744  0.0239   24.0624  6.1920e-128  0.3910     0.0339  1.0269     0.0148    0.4897       0.0099
./../important_sumstats/avg_femur.sumstats.gz  ./../important_sumstats/shoulder_width.sumstats.gz  0.4658  0.0274   16.9807   1.1403e-64  0.3356     0.0224  1.0161     0.0099    0.4196       0.0082
./../important_sumstats/avg_femur.sumstats.gz    ./../important_sumstats/torso_length.sumstats.gz  0.4932  0.0230   21.4271  7.4687e-102  0.3793     0.0264  1.0148     0.0119    0.4007       0.0092

Analysis finished at Fri Dec  5 14:54:55 2025
Total time elapsed: 58.12s
