*********************************************************************
* LD Score Regression (LDSC)
* Version 1.0.1
* (C) 2014-2019 Brendan Bulik-Sullivan and Hilary Finucane
* Broad Institute of MIT and Harvard / MIT Department of Mathematics
* GNU General Public License v3
*********************************************************************
Call: 
./ldsc.py \
--ref-ld-chr ./../../../../../ldsc/eur_w_ld_chr/ \
--out hip_width_rg \
--rg ./../important_sumstats/hip_width.sumstats.gz,./../important_sumstats/shoulder_width.sumstats.gz,./../important_sumstats/torso_length.sumstats.gz \
--w-ld-chr ./../../../../../ldsc/eur_w_ld_chr/ 

Beginning analysis at Fri Dec  5 15:00:41 2025
Reading summary statistics from ./../important_sumstats/hip_width.sumstats.gz ...
Read summary statistics for 1033752 SNPs.
Reading reference panel LD Score from ./../../../../../ldsc/eur_w_ld_chr/[1-22] ... (ldscore_fromlist)
Read reference panel LD Scores for 1290028 SNPs.
Removing partitioned LD Scores with zero variance.
Reading regression weight LD Score from ./../../../../../ldsc/eur_w_ld_chr/[1-22] ... (ldscore_fromlist)
Read regression weight LD Scores for 1290028 SNPs.
After merging with reference panel LD, 1027758 SNPs remain.
After merging with regression SNP LD, 1027758 SNPs remain.
Computing rg for phenotype 2/3
Reading summary statistics from ./../important_sumstats/shoulder_width.sumstats.gz ...
Read summary statistics for 1217311 SNPs.
After merging with summary statistics, 1027758 SNPs remain.
1027758 SNPs with valid alleles.

Heritability of phenotype 1
---------------------------
Total Observed scale h2: 0.391 (0.0339)
Lambda GC: 1.2865
Mean Chi^2: 1.455
Intercept: 1.0269 (0.0148)
Ratio: 0.0591 (0.0326)

Heritability of phenotype 2/3
-----------------------------
Total Observed scale h2: 0.3356 (0.0224)
Lambda GC: 1.2597
Mean Chi^2: 1.3768
Intercept: 1.0161 (0.0099)
Ratio: 0.0428 (0.0263)

Genetic Covariance
------------------
Total Observed scale gencov: 0.1834 (0.0201)
Mean z1*z2: 0.5816
Intercept: 0.3824 (0.009)

Genetic Correlation
-------------------
Genetic Correlation: 0.5062 (0.0308)
Z-score: 16.4412
P: 9.6919e-61

Computing rg for phenotype 3/3
Reading summary statistics from ./../important_sumstats/torso_length.sumstats.gz ...
Read summary statistics for 1217311 SNPs.
After merging with summary statistics, 1027758 SNPs remain.
1027758 SNPs with valid alleles.

Heritability of phenotype 3/3
-----------------------------
Total Observed scale h2: 0.3793 (0.0264)
Lambda GC: 1.2831
Mean Chi^2: 1.4314
Intercept: 1.0148 (0.0119)
Ratio: 0.0344 (0.0275)

Genetic Covariance
------------------
Total Observed scale gencov: 0.2345 (0.0235)
Mean z1*z2: 0.7235
Intercept: 0.4691 (0.0103)

Genetic Correlation
-------------------
Genetic Correlation: 0.609 (0.027)
Z-score: 22.5448
P: 1.5086e-112


Summary of Genetic Correlation Results
p1                                                  p2      rg      se        z            p  h2_obs  h2_obs_se  h2_int  h2_int_se  gcov_int  gcov_int_se
./../important_sumstats/hip_width.sumstats.gz  ./../important_sumstats/shoulder_width.sumstats.gz  0.5062  0.0308  16.4412   9.6919e-61  0.3356     0.0224  1.0161     0.0099    0.3824       0.0090
./../important_sumstats/hip_width.sumstats.gz    ./../important_sumstats/torso_length.sumstats.gz  0.6090  0.0270  22.5448  1.5086e-112  0.3793     0.0264  1.0148     0.0119    0.4691       0.0103

Analysis finished at Fri Dec  5 15:00:56 2025
Total time elapsed: 14.73s
