*********************************************************************
* LD Score Regression (LDSC)
* Version 1.0.1
* (C) 2014-2019 Brendan Bulik-Sullivan and Hilary Finucane
* Broad Institute of MIT and Harvard / MIT Department of Mathematics
* GNU General Public License v3
*********************************************************************
Call: 
./ldsc.py \
--ref-ld-chr ./../../../../../ldsc/eur_w_ld_chr/ \
--out IC_rg \
--rg ./../important_sumstats/global_IC.sumstats.gz,./../important_sumstats/global_SA.sumstats.gz,./../important_sumstats/HC.sumstats.gz,./../important_sumstats/height.sumstats.gz,./../important_sumstats/hip_width.sumstats.gz,./../important_sumstats/shoulder_width.sumstats.gz,./../important_sumstats/torso_length.sumstats.gz \
--w-ld-chr ./../../../../../ldsc/eur_w_ld_chr/ 

Beginning analysis at Fri Dec  5 14:59:04 2025
Reading summary statistics from ./../important_sumstats/global_IC.sumstats.gz ...
Read summary statistics for 1197222 SNPs.
Reading reference panel LD Score from ./../../../../../ldsc/eur_w_ld_chr/[1-22] ... (ldscore_fromlist)
Read reference panel LD Scores for 1290028 SNPs.
Removing partitioned LD Scores with zero variance.
Reading regression weight LD Score from ./../../../../../ldsc/eur_w_ld_chr/[1-22] ... (ldscore_fromlist)
Read regression weight LD Scores for 1290028 SNPs.
After merging with reference panel LD, 1166471 SNPs remain.
After merging with regression SNP LD, 1166471 SNPs remain.
Computing rg for phenotype 2/7
Reading summary statistics from ./../important_sumstats/global_SA.sumstats.gz ...
Read summary statistics for 1217311 SNPs.
After merging with summary statistics, 1166471 SNPs remain.
1166463 SNPs with valid alleles.

Heritability of phenotype 1
---------------------------
Total Observed scale h2: 0.3127 (0.0223)
Lambda GC: 1.2431
Mean Chi^2: 1.351
Intercept: 1.016 (0.0098)
Ratio: 0.0457 (0.0278)

Heritability of phenotype 2/7
-----------------------------
Total Observed scale h2: 0.3992 (0.032)
Lambda GC: 1.2831
Mean Chi^2: 1.4573
Intercept: 1.017 (0.0129)
Ratio: 0.0372 (0.0282)

Genetic Covariance
------------------
Total Observed scale gencov: 0.2989 (0.0243)
Mean z1*z2: 1.0517
Intercept: 0.7268 (0.0102)

Genetic Correlation
-------------------
Genetic Correlation: 0.8459 (0.0127)
Z-score: 66.3607
P: 0.

Computing rg for phenotype 3/7
Reading summary statistics from ./../important_sumstats/HC.sumstats.gz ...
Read summary statistics for 1217311 SNPs.
After merging with summary statistics, 1166471 SNPs remain.
1013044 SNPs with valid alleles.

Heritability of phenotype 3/7
-----------------------------
Total Observed scale h2: 0.0852 (0.0168)
Lambda GC: 1.0649
Mean Chi^2: 1.0769
Intercept: 1.0223 (0.0071)
Ratio: 0.2895 (0.0929)

Genetic Covariance
------------------
Total Observed scale gencov: 0.0586 (0.0118)
Mean z1*z2: 0.0582
Intercept: 0.0092 (0.006)

Genetic Correlation
-------------------
Genetic Correlation: 0.3598 (0.076)
Z-score: 4.7374
P: 2.1647e-06

Computing rg for phenotype 4/7
Reading summary statistics from ./../important_sumstats/height.sumstats.gz ...
Read summary statistics for 1217311 SNPs.
After merging with summary statistics, 1166471 SNPs remain.
1039812 SNPs with valid alleles.

Heritability of phenotype 4/7
-----------------------------
Total Observed scale h2: 0.3909 (0.0177)
Lambda GC: 5.2882
Mean Chi^2: 14.6917
Intercept: 2.2223 (0.1924)
Ratio: 0.0893 (0.014)

Genetic Covariance
------------------
Total Observed scale gencov: 0.0651 (0.008)
Mean z1*z2: 0.4416
Intercept: 0.0307 (0.02)

Genetic Correlation
-------------------
Genetic Correlation: 0.1862 (0.0205)
Z-score: 9.0913
P: 9.7863e-20

Computing rg for phenotype 5/7
Reading summary statistics from ./../important_sumstats/hip_width.sumstats.gz ...
Read summary statistics for 1217311 SNPs.
After merging with summary statistics, 1166471 SNPs remain.
1026241 SNPs with valid alleles.

Heritability of phenotype 5/7
-----------------------------
Total Observed scale h2: 0.3909 (0.0339)
Lambda GC: 1.2865
Mean Chi^2: 1.4552
Intercept: 1.0272 (0.0149)
Ratio: 0.0597 (0.0328)

Genetic Covariance
------------------
Total Observed scale gencov: 0.0709 (0.0136)
Mean z1*z2: 0.1393
Intercept: 0.0562 (0.0067)

Genetic Correlation
-------------------
Genetic Correlation: 0.2017 (0.0328)
Z-score: 6.147
P: 7.896e-10

Computing rg for phenotype 6/7
Reading summary statistics from ./../important_sumstats/shoulder_width.sumstats.gz ...
Read summary statistics for 1217311 SNPs.
After merging with summary statistics, 1166471 SNPs remain.
1026241 SNPs with valid alleles.

Heritability of phenotype 6/7
-----------------------------
Total Observed scale h2: 0.3359 (0.0224)
Lambda GC: 1.2597
Mean Chi^2: 1.377
Intercept: 1.016 (0.01)
Ratio: 0.0425 (0.0265)

Genetic Covariance
------------------
Total Observed scale gencov: 0.0599 (0.0147)
Mean z1*z2: 0.1435
Intercept: 0.0722 (0.0066)

Genetic Correlation
-------------------
Genetic Correlation: 0.1838 (0.0411)
Z-score: 4.4763
P: 7.5956e-06

Computing rg for phenotype 7/7
Reading summary statistics from ./../important_sumstats/torso_length.sumstats.gz ...
Read summary statistics for 1217311 SNPs.
After merging with summary statistics, 1166471 SNPs remain.
1026241 SNPs with valid alleles.

Heritability of phenotype 7/7
-----------------------------
Total Observed scale h2: 0.3793 (0.0264)
Lambda GC: 1.2831
Mean Chi^2: 1.4316
Intercept: 1.0149 (0.0119)
Ratio: 0.0346 (0.0276)

Genetic Covariance
------------------
Total Observed scale gencov: 0.0529 (0.0134)
Mean z1*z2: 0.1254
Intercept: 0.0634 (0.006)

Genetic Correlation
-------------------
Genetic Correlation: 0.1526 (0.0351)
Z-score: 4.3419
P: 1.4124e-05


Summary of Genetic Correlation Results
p1                                                  p2      rg      se        z           p  h2_obs  h2_obs_se  h2_int  h2_int_se  gcov_int  gcov_int_se
./../important_sumstats/global_IC.sumstats.gz       ./../important_sumstats/global_SA.sumstats.gz  0.8459  0.0127  66.3607  0.0000e+00  0.3992     0.0320  1.0170     0.0129    0.7268       0.0102
./../important_sumstats/global_IC.sumstats.gz       ./../important_sumstats/hip_width.sumstats.gz  0.2017  0.0328   6.1470  7.8960e-10  0.3909     0.0339  1.0272     0.0149    0.0562       0.0067
./../important_sumstats/global_IC.sumstats.gz  ./../important_sumstats/shoulder_width.sumstats.gz  0.1838  0.0411   4.4763  7.5956e-06  0.3359     0.0224  1.0160     0.0100    0.0722       0.0066
./../important_sumstats/global_IC.sumstats.gz    ./../important_sumstats/torso_length.sumstats.gz  0.1526  0.0351   4.3419  1.4124e-05  0.3793     0.0264  1.0149     0.0119    0.0634       0.0060

Analysis finished at Fri Dec  5 14:59:34 2025
Total time elapsed: 29.42s
