*********************************************************************
* LD Score Regression (LDSC)
* Version 1.0.1
* (C) 2014-2019 Brendan Bulik-Sullivan and Hilary Finucane
* Broad Institute of MIT and Harvard / MIT Department of Mathematics
* GNU General Public License v3
*********************************************************************
Call: 
./ldsc.py \
--ref-ld-chr ./../../../../../ldsc/eur_w_ld_chr/ \
--out FI_rg \
--rg ./../important_sumstats/global_FI.sumstats.gz,./../important_sumstats/global_GMV.sumstats.gz,./../important_sumstats/global_IC.sumstats.gz,./../important_sumstats/global_SA.sumstats.gz,./../important_sumstats/HC.sumstats.gz,./../important_sumstats/height.sumstats.gz,./../important_sumstats/hip_width.sumstats.gz,./../important_sumstats/shoulder_width.sumstats.gz,./../important_sumstats/torso_length.sumstats.gz \
--w-ld-chr ./../../../../../ldsc/eur_w_ld_chr/ 

Beginning analysis at Fri Dec  5 14:57:52 2025
Reading summary statistics from ./../important_sumstats/global_FI.sumstats.gz ...
Read summary statistics for 1197226 SNPs.
Reading reference panel LD Score from ./../../../../../ldsc/eur_w_ld_chr/[1-22] ... (ldscore_fromlist)
Read reference panel LD Scores for 1290028 SNPs.
Removing partitioned LD Scores with zero variance.
Reading regression weight LD Score from ./../../../../../ldsc/eur_w_ld_chr/[1-22] ... (ldscore_fromlist)
Read regression weight LD Scores for 1290028 SNPs.
After merging with reference panel LD, 1166471 SNPs remain.
After merging with regression SNP LD, 1166471 SNPs remain.
Computing rg for phenotype 2/9
Reading summary statistics from ./../important_sumstats/global_GMV.sumstats.gz ...
Read summary statistics for 1217311 SNPs.
After merging with summary statistics, 1166471 SNPs remain.
1166467 SNPs with valid alleles.

Heritability of phenotype 1
---------------------------
Total Observed scale h2: 0.3706 (0.0255)
Lambda GC: 1.2764
Mean Chi^2: 1.4183
Intercept: 1.0128 (0.0111)
Ratio: 0.0305 (0.0264)

Heritability of phenotype 2/9
-----------------------------
Total Observed scale h2: 0.3311 (0.0252)
Lambda GC: 1.2365
Mean Chi^2: 1.3897
Intercept: 1.0283 (0.0114)
Ratio: 0.0725 (0.0294)

Genetic Covariance
------------------
Total Observed scale gencov: 0.2296 (0.0217)
Mean z1*z2: 0.8739
Intercept: 0.6229 (0.0099)

Genetic Correlation
-------------------
Genetic Correlation: 0.6555 (0.0258)
Z-score: 25.388
P: 3.4255e-142

Computing rg for phenotype 3/9
Reading summary statistics from ./../important_sumstats/global_IC.sumstats.gz ...
Read summary statistics for 1217311 SNPs.
After merging with summary statistics, 1166471 SNPs remain.
1166466 SNPs with valid alleles.

Heritability of phenotype 3/9
-----------------------------
Total Observed scale h2: 0.3128 (0.0223)
Lambda GC: 1.2431
Mean Chi^2: 1.351
Intercept: 1.016 (0.0098)
Ratio: 0.0457 (0.0278)

Genetic Covariance
------------------
Total Observed scale gencov: 0.3168 (0.0227)
Mean z1*z2: 1.1418
Intercept: 0.7986 (0.0096)

Genetic Correlation
-------------------
Genetic Correlation: 0.9306 (0.0084)
Z-score: 110.6529
P: 0.

Computing rg for phenotype 4/9
Reading summary statistics from ./../important_sumstats/global_SA.sumstats.gz ...
Read summary statistics for 1217311 SNPs.
After merging with summary statistics, 1166471 SNPs remain.
1166466 SNPs with valid alleles.

Heritability of phenotype 4/9
-----------------------------
Total Observed scale h2: 0.3992 (0.032)
Lambda GC: 1.2831
Mean Chi^2: 1.4573
Intercept: 1.017 (0.0129)
Ratio: 0.0372 (0.0282)

Genetic Covariance
------------------
Total Observed scale gencov: 0.3287 (0.0258)
Mean z1*z2: 1.1841
Intercept: 0.8219 (0.0109)

Genetic Correlation
-------------------
Genetic Correlation: 0.8545 (0.0104)
Z-score: 82.2798
P: 0.

Computing rg for phenotype 5/9
Reading summary statistics from ./../important_sumstats/HC.sumstats.gz ...
Read summary statistics for 1217311 SNPs.
After merging with summary statistics, 1166471 SNPs remain.
1013046 SNPs with valid alleles.

Heritability of phenotype 5/9
-----------------------------
Total Observed scale h2: 0.0852 (0.0168)
Lambda GC: 1.0649
Mean Chi^2: 1.0769
Intercept: 1.0223 (0.0071)
Ratio: 0.2894 (0.0928)

Genetic Covariance
------------------
Total Observed scale gencov: 0.0738 (0.0122)
Mean z1*z2: 0.0711
Intercept: 0.0074 (0.0061)

Genetic Correlation
-------------------
Genetic Correlation: 0.4184 (0.0716)
Z-score: 5.8398
P: 5.2275e-09

Computing rg for phenotype 6/9
Reading summary statistics from ./../important_sumstats/height.sumstats.gz ...
Read summary statistics for 1217311 SNPs.
After merging with summary statistics, 1166471 SNPs remain.
1039813 SNPs with valid alleles.

Heritability of phenotype 6/9
-----------------------------
Total Observed scale h2: 0.3909 (0.0177)
Lambda GC: 5.2882
Mean Chi^2: 14.6917
Intercept: 2.2223 (0.1924)
Ratio: 0.0893 (0.0141)

Genetic Covariance
------------------
Total Observed scale gencov: 0.0585 (0.0087)
Mean z1*z2: 0.4237
Intercept: 0.0459 (0.0213)

Genetic Correlation
-------------------
Genetic Correlation: 0.1538 (0.0206)
Z-score: 7.4591
P: 8.7108e-14

Computing rg for phenotype 7/9
Reading summary statistics from ./../important_sumstats/hip_width.sumstats.gz ...
Read summary statistics for 1217311 SNPs.
After merging with summary statistics, 1166471 SNPs remain.
1026241 SNPs with valid alleles.

Heritability of phenotype 7/9
-----------------------------
Total Observed scale h2: 0.3909 (0.0339)
Lambda GC: 1.2865
Mean Chi^2: 1.4552
Intercept: 1.0272 (0.0149)
Ratio: 0.0597 (0.0328)

Genetic Covariance
------------------
Total Observed scale gencov: 0.0599 (0.0144)
Mean z1*z2: 0.1335
Intercept: 0.062 (0.0067)

Genetic Correlation
-------------------
Genetic Correlation: 0.1571 (0.0329)
Z-score: 4.7786
P: 1.7655e-06

Computing rg for phenotype 8/9
Reading summary statistics from ./../important_sumstats/shoulder_width.sumstats.gz ...
Read summary statistics for 1217311 SNPs.
After merging with summary statistics, 1166471 SNPs remain.
1026241 SNPs with valid alleles.

Heritability of phenotype 8/9
-----------------------------
Total Observed scale h2: 0.3359 (0.0224)
Lambda GC: 1.2597
Mean Chi^2: 1.377
Intercept: 1.016 (0.01)
Ratio: 0.0425 (0.0265)

Genetic Covariance
------------------
Total Observed scale gencov: 0.0497 (0.0153)
Mean z1*z2: 0.1389
Intercept: 0.0766 (0.0067)

Genetic Correlation
-------------------
Genetic Correlation: 0.1404 (0.04)
Z-score: 3.5047
P: 0.0005

Computing rg for phenotype 9/9
Reading summary statistics from ./../important_sumstats/torso_length.sumstats.gz ...
Read summary statistics for 1217311 SNPs.
After merging with summary statistics, 1166471 SNPs remain.
1026241 SNPs with valid alleles.

Heritability of phenotype 9/9
-----------------------------
Total Observed scale h2: 0.3793 (0.0264)
Lambda GC: 1.2831
Mean Chi^2: 1.4316
Intercept: 1.0149 (0.0119)
Ratio: 0.0346 (0.0276)

Genetic Covariance
------------------
Total Observed scale gencov: 0.0405 (0.0141)
Mean z1*z2: 0.1231
Intercept: 0.0734 (0.0064)

Genetic Correlation
-------------------
Genetic Correlation: 0.1077 (0.0352)
Z-score: 3.0595
P: 0.0022


Summary of Genetic Correlation Results
p1                                                  p2      rg      se         z            p  h2_obs  h2_obs_se  h2_int  h2_int_se  gcov_int  gcov_int_se
./../important_sumstats/global_FI.sumstats.gz       ./../important_sumstats/global_IC.sumstats.gz  0.9306  0.0084  110.6529   0.0000e+00  0.3128     0.0223  1.0160     0.0098    0.7986       0.0096
./../important_sumstats/global_FI.sumstats.gz       ./../important_sumstats/global_SA.sumstats.gz  0.8545  0.0104   82.2798   0.0000e+00  0.3992     0.0320  1.0170     0.0129    0.8219       0.0109
./../important_sumstats/global_FI.sumstats.gz              ./../important_sumstats/HC.sumstats.gz  0.4184  0.0716    5.8398   5.2275e-09  0.0852     0.0168  1.0223     0.0071    0.0074       0.0061
./../important_sumstats/global_FI.sumstats.gz       ./../important_sumstats/hip_width.sumstats.gz  0.1571  0.0329    4.7786   1.7655e-06  0.3909     0.0339  1.0272     0.0149    0.0620       0.0067
./../important_sumstats/global_FI.sumstats.gz  ./../important_sumstats/shoulder_width.sumstats.gz  0.1404  0.0400    3.5047   4.5714e-04  0.3359     0.0224  1.0160     0.0100    0.0766       0.0067
./../important_sumstats/global_FI.sumstats.gz    ./../important_sumstats/torso_length.sumstats.gz  0.1077  0.0352    3.0595   2.2170e-03  0.3793     0.0264  1.0149     0.0119    0.0734       0.0064

Analysis finished at Fri Dec  5 14:58:30 2025
Total time elapsed: 37.46s
