*********************************************************************
* LD Score Regression (LDSC)
* Version 1.0.1
* (C) 2014-2019 Brendan Bulik-Sullivan and Hilary Finucane
* Broad Institute of MIT and Harvard / MIT Department of Mathematics
* GNU General Public License v3
*********************************************************************
Call: 
./ldsc.py \
--ref-ld-chr ./../../../../../ldsc/eur_w_ld_chr/ \
--out SA_rg \
--rg ./../important_sumstats/global_SA.sumstats.gz,./../important_sumstats/HC.sumstats.gz,./../important_sumstats/height.sumstats.gz,./../important_sumstats/hip_width.sumstats.gz,./../important_sumstats/shoulder_width.sumstats.gz,./../important_sumstats/torso_length.sumstats.gz \
--w-ld-chr ./../../../../../ldsc/eur_w_ld_chr/ 

Beginning analysis at Fri Dec  5 14:59:34 2025
Reading summary statistics from ./../important_sumstats/global_SA.sumstats.gz ...
Read summary statistics for 1197223 SNPs.
Reading reference panel LD Score from ./../../../../../ldsc/eur_w_ld_chr/[1-22] ... (ldscore_fromlist)
Read reference panel LD Scores for 1290028 SNPs.
Removing partitioned LD Scores with zero variance.
Reading regression weight LD Score from ./../../../../../ldsc/eur_w_ld_chr/[1-22] ... (ldscore_fromlist)
Read regression weight LD Scores for 1290028 SNPs.
After merging with reference panel LD, 1166468 SNPs remain.
After merging with regression SNP LD, 1166468 SNPs remain.
Computing rg for phenotype 2/6
Reading summary statistics from ./../important_sumstats/HC.sumstats.gz ...
Read summary statistics for 1217311 SNPs.
After merging with summary statistics, 1166468 SNPs remain.
1013043 SNPs with valid alleles.

Heritability of phenotype 1
---------------------------
Total Observed scale h2: 0.4011 (0.0338)
Lambda GC: 1.2966
Mean Chi^2: 1.4776
Intercept: 1.009 (0.0156)
Ratio: 0.0188 (0.0326)

Heritability of phenotype 2/6
-----------------------------
Total Observed scale h2: 0.0852 (0.0168)
Lambda GC: 1.0649
Mean Chi^2: 1.0769
Intercept: 1.0222 (0.0071)
Ratio: 0.2892 (0.0929)

Genetic Covariance
------------------
Total Observed scale gencov: 0.0923 (0.0119)
Mean z1*z2: 0.0921
Intercept: 0.013 (0.0059)

Genetic Correlation
-------------------
Genetic Correlation: 0.4992 (0.0681)
Z-score: 7.3287
P: 2.3238e-13

Computing rg for phenotype 3/6
Reading summary statistics from ./../important_sumstats/height.sumstats.gz ...
Read summary statistics for 1217311 SNPs.
After merging with summary statistics, 1166468 SNPs remain.
1039814 SNPs with valid alleles.

Heritability of phenotype 3/6
-----------------------------
Total Observed scale h2: 0.3909 (0.0177)
Lambda GC: 5.2882
Mean Chi^2: 14.6917
Intercept: 2.2223 (0.1924)
Ratio: 0.0893 (0.014)

Genetic Covariance
------------------
Total Observed scale gencov: 0.078 (0.0101)
Mean z1*z2: 0.5895
Intercept: 0.0748 (0.0243)

Genetic Correlation
-------------------
Genetic Correlation: 0.1974 (0.0215)
Z-score: 9.2046
P: 3.4306e-20

Computing rg for phenotype 4/6
Reading summary statistics from ./../important_sumstats/hip_width.sumstats.gz ...
Read summary statistics for 1217311 SNPs.
After merging with summary statistics, 1166468 SNPs remain.
1026241 SNPs with valid alleles.

Heritability of phenotype 4/6
-----------------------------
Total Observed scale h2: 0.3909 (0.0339)
Lambda GC: 1.2865
Mean Chi^2: 1.4552
Intercept: 1.0272 (0.0149)
Ratio: 0.0597 (0.0328)

Genetic Covariance
------------------
Total Observed scale gencov: 0.0683 (0.0155)
Mean z1*z2: 0.1645
Intercept: 0.0862 (0.007)

Genetic Correlation
-------------------
Genetic Correlation: 0.1726 (0.0337)
Z-score: 5.1184
P: 3.0811e-07

Computing rg for phenotype 5/6
Reading summary statistics from ./../important_sumstats/shoulder_width.sumstats.gz ...
Read summary statistics for 1217311 SNPs.
After merging with summary statistics, 1166468 SNPs remain.
1026241 SNPs with valid alleles.

Heritability of phenotype 5/6
-----------------------------
Total Observed scale h2: 0.3359 (0.0224)
Lambda GC: 1.2597
Mean Chi^2: 1.377
Intercept: 1.016 (0.01)
Ratio: 0.0425 (0.0265)

Genetic Covariance
------------------
Total Observed scale gencov: 0.0696 (0.0168)
Mean z1*z2: 0.1935
Intercept: 0.11 (0.0072)

Genetic Correlation
-------------------
Genetic Correlation: 0.1897 (0.0404)
Z-score: 4.6976
P: 2.633e-06

Computing rg for phenotype 6/6
Reading summary statistics from ./../important_sumstats/torso_length.sumstats.gz ...
Read summary statistics for 1217311 SNPs.
After merging with summary statistics, 1166468 SNPs remain.
1026241 SNPs with valid alleles.

Heritability of phenotype 6/6
-----------------------------
Total Observed scale h2: 0.3793 (0.0264)
Lambda GC: 1.2831
Mean Chi^2: 1.4316
Intercept: 1.0149 (0.0119)
Ratio: 0.0346 (0.0276)

Genetic Covariance
------------------
Total Observed scale gencov: 0.0645 (0.0164)
Mean z1*z2: 0.1614
Intercept: 0.0829 (0.0068)

Genetic Correlation
-------------------
Genetic Correlation: 0.1655 (0.037)
Z-score: 4.4725
P: 7.7318e-06


Summary of Genetic Correlation Results
p1                                                  p2      rg      se       z           p  h2_obs  h2_obs_se  h2_int  h2_int_se  gcov_int  gcov_int_se
./../important_sumstats/global_SA.sumstats.gz              ./../important_sumstats/HC.sumstats.gz  0.4992  0.0681  7.3287  2.3238e-13  0.0852     0.0168  1.0222     0.0071    0.0130       0.0059
./../important_sumstats/global_SA.sumstats.gz          ./../important_sumstats/height.sumstats.gz  0.1974  0.0215  9.2046  3.4306e-20  0.3909     0.0177  2.2223     0.1924    0.0748       0.0243
./../important_sumstats/global_SA.sumstats.gz       ./../important_sumstats/hip_width.sumstats.gz  0.1726  0.0337  5.1184  3.0811e-07  0.3909     0.0339  1.0272     0.0149    0.0862       0.0070
./../important_sumstats/global_SA.sumstats.gz  ./../important_sumstats/shoulder_width.sumstats.gz  0.1897  0.0404  4.6976  2.6330e-06  0.3359     0.0224  1.0160     0.0100    0.1100       0.0072
./../important_sumstats/global_SA.sumstats.gz    ./../important_sumstats/torso_length.sumstats.gz  0.1655  0.0370  4.4725  7.7318e-06  0.3793     0.0264  1.0149     0.0119    0.0829       0.0068

Analysis finished at Fri Dec  5 15:00:00 2025
Total time elapsed: 25.97s
