Multivariate ld-score regression of 14 traits (./../../../ldsc_analyses/important_sumstats//avg_femur.sumstats.gz ./../../../ldsc_analyses/important_sumstats//avg_forearm.sumstats.gz ./../../../ldsc_analyses/important_sumstats//avg_humerus.sumstats.gz ./../../../ldsc_analyses/important_sumstats//avg_tibia.sumstats.gz ./../../../ldsc_analyses/important_sumstats//global_FI.sumstats.gz ./../../../ldsc_analyses/important_sumstats//global_IC.sumstats.gz ./../../../ldsc_analyses/important_sumstats//global_SA.sumstats.gz ./../../../ldsc_analyses/important_sumstats//hip_width.sumstats.gz ./../../../ldsc_analyses/important_sumstats//new_height.sumstats.gz ./../../../ldsc_analyses/important_sumstats//shoulder_width.sumstats.gz ./../../../ldsc_analyses/important_sumstats//torso_length.sumstats.gz ./trunk_munged.sumstats.gz ./limb_munged.sumstats.gz ./cortical_munged.sumstats.gz) began at: 2026-04-10 18:39:12.269786
Reading in LD scores
Read in summary statistics [1/14] from: ./../../../ldsc_analyses/important_sumstats//avg_femur.sumstats.gz
Out of 1033752 SNPs, 1027758 remain after merging with LD-score files
Removing 110 SNPs with Chi^2 > 80; 1027648 remain
Read in summary statistics [2/14] from: ./../../../ldsc_analyses/important_sumstats//avg_forearm.sumstats.gz
Out of 1033752 SNPs, 1027758 remain after merging with LD-score files
Removing 131 SNPs with Chi^2 > 80; 1027627 remain
Read in summary statistics [3/14] from: ./../../../ldsc_analyses/important_sumstats//avg_humerus.sumstats.gz
Out of 1033752 SNPs, 1027758 remain after merging with LD-score files
Removing 215 SNPs with Chi^2 > 80; 1027543 remain
Read in summary statistics [4/14] from: ./../../../ldsc_analyses/important_sumstats//avg_tibia.sumstats.gz
Out of 1033751 SNPs, 1027757 remain after merging with LD-score files
Removing 133 SNPs with Chi^2 > 80; 1027624 remain
Read in summary statistics [5/14] from: ./../../../ldsc_analyses/important_sumstats//global_FI.sumstats.gz
Out of 1197226 SNPs, 1166471 remain after merging with LD-score files
Removing 87 SNPs with Chi^2 > 80; 1166384 remain
Read in summary statistics [6/14] from: ./../../../ldsc_analyses/important_sumstats//global_IC.sumstats.gz
Out of 1197222 SNPs, 1166471 remain after merging with LD-score files
Removing 52 SNPs with Chi^2 > 80; 1166419 remain
Read in summary statistics [7/14] from: ./../../../ldsc_analyses/important_sumstats//global_SA.sumstats.gz
Out of 1197223 SNPs, 1166468 remain after merging with LD-score files
Removing 116 SNPs with Chi^2 > 80; 1166352 remain
Read in summary statistics [8/14] from: ./../../../ldsc_analyses/important_sumstats//hip_width.sumstats.gz
Out of 1033752 SNPs, 1027758 remain after merging with LD-score files
Removing 162 SNPs with Chi^2 > 80; 1027596 remain
Read in summary statistics [9/14] from: ./../../../ldsc_analyses/important_sumstats//new_height.sumstats.gz
Out of 1174108 SNPs, 1167503 remain after merging with LD-score files
Removing 972 SNPs with Chi^2 > 458.303; 1166531 remain
Read in summary statistics [10/14] from: ./../../../ldsc_analyses/important_sumstats//shoulder_width.sumstats.gz
Out of 1033752 SNPs, 1027758 remain after merging with LD-score files
Removing 3 SNPs with Chi^2 > 80; 1027755 remain
Read in summary statistics [11/14] from: ./../../../ldsc_analyses/important_sumstats//torso_length.sumstats.gz
Out of 1033752 SNPs, 1027758 remain after merging with LD-score files
Removing 67 SNPs with Chi^2 > 80; 1027691 remain
Read in summary statistics [12/14] from: ./trunk_munged.sumstats.gz
Out of 1011612 SNPs, 1007731 remain after merging with LD-score files
Removing 1836 SNPs with Chi^2 > 80; 1005895 remain
Read in summary statistics [13/14] from: ./limb_munged.sumstats.gz
Out of 1011612 SNPs, 1007731 remain after merging with LD-score files
Removing 637 SNPs with Chi^2 > 80; 1007094 remain
Read in summary statistics [14/14] from: ./cortical_munged.sumstats.gz
Out of 1011612 SNPs, 1007731 remain after merging with LD-score files
Removing 94 SNPs with Chi^2 > 80; 1007637 remain
          
Estimating heritability [1/105] for: ./../../../ldsc_analyses/important_sumstats//avg_femur.sumstats.gz
Heritability Results for trait: ./../../../ldsc_analyses/important_sumstats//avg_femur.sumstats.gz
Mean Chi^2 across remaining SNPs: 1.5394
Lambda GC: 1.3373
Intercept: 1.0421 (0.0122)
Ratio: 0.078 (0.0226)
Total Observed Scale h2: 0.451 (0.0264)
h2 Z: 17.1
     
Calculating genetic covariance [2/105] for traits: ./../../../ldsc_analyses/important_sumstats//avg_femur.sumstats.gz and ./../../../ldsc_analyses/important_sumstats//avg_forearm.sumstats.gz
1027573 SNPs remain after merging ./../../../ldsc_analyses/important_sumstats//avg_femur.sumstats.gz and ./../../../ldsc_analyses/important_sumstats//avg_forearm.sumstats.gz summary statistics
Results for genetic covariance between: ./../../../ldsc_analyses/important_sumstats//avg_femur.sumstats.gz and ./../../../ldsc_analyses/important_sumstats//avg_forearm.sumstats.gz
Mean Z*Z: 1.2246
Cross trait Intercept: 0.8283 (0.0111)
Total Observed Scale Genetic Covariance (g_cov): 0.3572 (0.0232)
g_cov Z: 15.4
g_cov P-value: 2.7825e-53
     
Calculating genetic covariance [3/105] for traits: ./../../../ldsc_analyses/important_sumstats//avg_femur.sumstats.gz and ./../../../ldsc_analyses/important_sumstats//avg_humerus.sumstats.gz
1027447 SNPs remain after merging ./../../../ldsc_analyses/important_sumstats//avg_femur.sumstats.gz and ./../../../ldsc_analyses/important_sumstats//avg_humerus.sumstats.gz summary statistics
Results for genetic covariance between: ./../../../ldsc_analyses/important_sumstats//avg_femur.sumstats.gz and ./../../../ldsc_analyses/important_sumstats//avg_humerus.sumstats.gz
Mean Z*Z: 1.2371
Cross trait Intercept: 0.832 (0.0111)
Total Observed Scale Genetic Covariance (g_cov): 0.3703 (0.0231)
g_cov Z: 16.1
g_cov P-value: 4.4189e-58
     
Calculating genetic covariance [4/105] for traits: ./../../../ldsc_analyses/important_sumstats//avg_femur.sumstats.gz and ./../../../ldsc_analyses/important_sumstats//avg_tibia.sumstats.gz
1027590 SNPs remain after merging ./../../../ldsc_analyses/important_sumstats//avg_femur.sumstats.gz and ./../../../ldsc_analyses/important_sumstats//avg_tibia.sumstats.gz summary statistics
Results for genetic covariance between: ./../../../ldsc_analyses/important_sumstats//avg_femur.sumstats.gz and ./../../../ldsc_analyses/important_sumstats//avg_tibia.sumstats.gz
Mean Z*Z: 1.3714
Cross trait Intercept: 0.9253 (0.0115)
Total Observed Scale Genetic Covariance (g_cov): 0.4018 (0.0245)
g_cov Z: 16.4
g_cov P-value: 1.7294e-60
     
Calculating genetic covariance [5/105] for traits: ./../../../ldsc_analyses/important_sumstats//avg_femur.sumstats.gz and ./../../../ldsc_analyses/important_sumstats//global_FI.sumstats.gz
1026044 SNPs remain after merging ./../../../ldsc_analyses/important_sumstats//avg_femur.sumstats.gz and ./../../../ldsc_analyses/important_sumstats//global_FI.sumstats.gz summary statistics
Results for genetic covariance between: ./../../../ldsc_analyses/important_sumstats//avg_femur.sumstats.gz and ./../../../ldsc_analyses/important_sumstats//global_FI.sumstats.gz
Mean Z*Z: 0.1698
Cross trait Intercept: 0.0959 (0.0069)
Total Observed Scale Genetic Covariance (g_cov): 0.0643 (0.0135)
g_cov Z: 4.75
g_cov P-value: 2.0189e-06
     
Calculating genetic covariance [6/105] for traits: ./../../../ldsc_analyses/important_sumstats//avg_femur.sumstats.gz and ./../../../ldsc_analyses/important_sumstats//global_IC.sumstats.gz
1026079 SNPs remain after merging ./../../../ldsc_analyses/important_sumstats//avg_femur.sumstats.gz and ./../../../ldsc_analyses/important_sumstats//global_IC.sumstats.gz summary statistics
Results for genetic covariance between: ./../../../ldsc_analyses/important_sumstats//avg_femur.sumstats.gz and ./../../../ldsc_analyses/important_sumstats//global_IC.sumstats.gz
Mean Z*Z: 0.1753
Cross trait Intercept: 0.0862 (0.0067)
Total Observed Scale Genetic Covariance (g_cov): 0.0803 (0.0136)
g_cov Z: 5.92
g_cov P-value: 3.2443e-09
     
Calculating genetic covariance [7/105] for traits: ./../../../ldsc_analyses/important_sumstats//avg_femur.sumstats.gz and ./../../../ldsc_analyses/important_sumstats//global_SA.sumstats.gz
1026019 SNPs remain after merging ./../../../ldsc_analyses/important_sumstats//avg_femur.sumstats.gz and ./../../../ldsc_analyses/important_sumstats//global_SA.sumstats.gz summary statistics
Results for genetic covariance between: ./../../../ldsc_analyses/important_sumstats//avg_femur.sumstats.gz and ./../../../ldsc_analyses/important_sumstats//global_SA.sumstats.gz
Mean Z*Z: 0.225
Cross trait Intercept: 0.1366 (0.0074)
Total Observed Scale Genetic Covariance (g_cov): 0.076 (0.0146)
g_cov Z: 5.21
g_cov P-value: 1.9051e-07
     
Calculating genetic covariance [8/105] for traits: ./../../../ldsc_analyses/important_sumstats//avg_femur.sumstats.gz and ./../../../ldsc_analyses/important_sumstats//hip_width.sumstats.gz
1027501 SNPs remain after merging ./../../../ldsc_analyses/important_sumstats//avg_femur.sumstats.gz and ./../../../ldsc_analyses/important_sumstats//hip_width.sumstats.gz summary statistics
Results for genetic covariance between: ./../../../ldsc_analyses/important_sumstats//avg_femur.sumstats.gz and ./../../../ldsc_analyses/important_sumstats//hip_width.sumstats.gz
Mean Z*Z: 0.744
Cross trait Intercept: 0.4939 (0.0094)
Total Observed Scale Genetic Covariance (g_cov): 0.2314 (0.0179)
g_cov Z: 12.9
g_cov P-value: 3.7543e-38
     
Calculating genetic covariance [9/105] for traits: ./../../../ldsc_analyses/important_sumstats//avg_femur.sumstats.gz and ./../../../ldsc_analyses/important_sumstats//new_height.sumstats.gz
1026450 SNPs remain after merging ./../../../ldsc_analyses/important_sumstats//avg_femur.sumstats.gz and ./../../../ldsc_analyses/important_sumstats//new_height.sumstats.gz summary statistics
Results for genetic covariance between: ./../../../ldsc_analyses/important_sumstats//avg_femur.sumstats.gz and ./../../../ldsc_analyses/important_sumstats//new_height.sumstats.gz
Mean Z*Z: 1.7785
Cross trait Intercept: 0.3418 (0.0277)
Total Observed Scale Genetic Covariance (g_cov): 0.4459 (0.0225)
g_cov Z: 19.8
g_cov P-value: 4.8959e-87
     
Calculating genetic covariance [10/105] for traits: ./../../../ldsc_analyses/important_sumstats//avg_femur.sumstats.gz and ./../../../ldsc_analyses/important_sumstats//shoulder_width.sumstats.gz
1027648 SNPs remain after merging ./../../../ldsc_analyses/important_sumstats//avg_femur.sumstats.gz and ./../../../ldsc_analyses/important_sumstats//shoulder_width.sumstats.gz summary statistics
Results for genetic covariance between: ./../../../ldsc_analyses/important_sumstats//avg_femur.sumstats.gz and ./../../../ldsc_analyses/important_sumstats//shoulder_width.sumstats.gz
Mean Z*Z: 0.615
Cross trait Intercept: 0.421 (0.008)
Total Observed Scale Genetic Covariance (g_cov): 0.1785 (0.0172)
g_cov Z: 10.4
g_cov P-value: 3.1249e-25
     
Calculating genetic covariance [11/105] for traits: ./../../../ldsc_analyses/important_sumstats//avg_femur.sumstats.gz and ./../../../ldsc_analyses/important_sumstats//torso_length.sumstats.gz
1027587 SNPs remain after merging ./../../../ldsc_analyses/important_sumstats//avg_femur.sumstats.gz and ./../../../ldsc_analyses/important_sumstats//torso_length.sumstats.gz summary statistics
Results for genetic covariance between: ./../../../ldsc_analyses/important_sumstats//avg_femur.sumstats.gz and ./../../../ldsc_analyses/important_sumstats//torso_length.sumstats.gz
Mean Z*Z: 0.6249
Cross trait Intercept: 0.4035 (0.0089)
Total Observed Scale Genetic Covariance (g_cov): 0.1979 (0.0163)
g_cov Z: 12.1
g_cov P-value: 7.7693e-34
     
Calculating genetic covariance [12/105] for traits: ./../../../ldsc_analyses/important_sumstats//avg_femur.sumstats.gz and ./trunk_munged.sumstats.gz
1005844 SNPs remain after merging ./../../../ldsc_analyses/important_sumstats//avg_femur.sumstats.gz and ./trunk_munged.sumstats.gz summary statistics
Results for genetic covariance between: ./../../../ldsc_analyses/important_sumstats//avg_femur.sumstats.gz and ./trunk_munged.sumstats.gz
Mean Z*Z: 0.4506
Cross trait Intercept: -0.0471 (0.0128)
Total Observed Scale Genetic Covariance (g_cov): 0.4516 (0.0272)
g_cov Z: 16.6
g_cov P-value: 9.1404e-62
     
Calculating genetic covariance [13/105] for traits: ./../../../ldsc_analyses/important_sumstats//avg_femur.sumstats.gz and ./limb_munged.sumstats.gz
1007094 SNPs remain after merging ./../../../ldsc_analyses/important_sumstats//avg_femur.sumstats.gz and ./limb_munged.sumstats.gz summary statistics
Results for genetic covariance between: ./../../../ldsc_analyses/important_sumstats//avg_femur.sumstats.gz and ./limb_munged.sumstats.gz
Mean Z*Z: 1.5149
Cross trait Intercept: 0.9009 (0.0132)
Total Observed Scale Genetic Covariance (g_cov): 0.6459 (0.0339)
g_cov Z: 19.1
g_cov P-value: 4.1412e-81
     
Calculating genetic covariance [14/105] for traits: ./../../../ldsc_analyses/important_sumstats//avg_femur.sumstats.gz and ./cortical_munged.sumstats.gz
1007541 SNPs remain after merging ./../../../ldsc_analyses/important_sumstats//avg_femur.sumstats.gz and ./cortical_munged.sumstats.gz summary statistics
Results for genetic covariance between: ./../../../ldsc_analyses/important_sumstats//avg_femur.sumstats.gz and ./cortical_munged.sumstats.gz
Mean Z*Z: 0.2029
Cross trait Intercept: 0.1143 (0.0072)
Total Observed Scale Genetic Covariance (g_cov): 0.1341 (0.0247)
g_cov Z: 5.42
g_cov P-value: 5.8954e-08
          
Estimating heritability [15/105] for: ./../../../ldsc_analyses/important_sumstats//avg_forearm.sumstats.gz
Heritability Results for trait: ./../../../ldsc_analyses/important_sumstats//avg_forearm.sumstats.gz
Mean Chi^2 across remaining SNPs: 1.5033
Lambda GC: 1.31
Intercept: 1.0385 (0.0128)
Ratio: 0.0765 (0.0255)
Total Observed Scale h2: 0.4186 (0.0265)
h2 Z: 15.8
     
Calculating genetic covariance [16/105] for traits: ./../../../ldsc_analyses/important_sumstats//avg_forearm.sumstats.gz and ./../../../ldsc_analyses/important_sumstats//avg_humerus.sumstats.gz
1027423 SNPs remain after merging ./../../../ldsc_analyses/important_sumstats//avg_forearm.sumstats.gz and ./../../../ldsc_analyses/important_sumstats//avg_humerus.sumstats.gz summary statistics
Results for genetic covariance between: ./../../../ldsc_analyses/important_sumstats//avg_forearm.sumstats.gz and ./../../../ldsc_analyses/important_sumstats//avg_humerus.sumstats.gz
Mean Z*Z: 1.1257
Cross trait Intercept: 0.7514 (0.0106)
Total Observed Scale Genetic Covariance (g_cov): 0.3404 (0.0219)
g_cov Z: 15.6
g_cov P-value: 1.3347e-54
     
Calculating genetic covariance [17/105] for traits: ./../../../ldsc_analyses/important_sumstats//avg_forearm.sumstats.gz and ./../../../ldsc_analyses/important_sumstats//avg_tibia.sumstats.gz
1027552 SNPs remain after merging ./../../../ldsc_analyses/important_sumstats//avg_forearm.sumstats.gz and ./../../../ldsc_analyses/important_sumstats//avg_tibia.sumstats.gz summary statistics
Results for genetic covariance between: ./../../../ldsc_analyses/important_sumstats//avg_forearm.sumstats.gz and ./../../../ldsc_analyses/important_sumstats//avg_tibia.sumstats.gz
Mean Z*Z: 1.2754
Cross trait Intercept: 0.8634 (0.0115)
Total Observed Scale Genetic Covariance (g_cov): 0.3714 (0.0239)
g_cov Z: 15.5
g_cov P-value: 1.6695e-54
     
Calculating genetic covariance [18/105] for traits: ./../../../ldsc_analyses/important_sumstats//avg_forearm.sumstats.gz and ./../../../ldsc_analyses/important_sumstats//global_FI.sumstats.gz
1026024 SNPs remain after merging ./../../../ldsc_analyses/important_sumstats//avg_forearm.sumstats.gz and ./../../../ldsc_analyses/important_sumstats//global_FI.sumstats.gz summary statistics
Results for genetic covariance between: ./../../../ldsc_analyses/important_sumstats//avg_forearm.sumstats.gz and ./../../../ldsc_analyses/important_sumstats//global_FI.sumstats.gz
Mean Z*Z: 0.1597
Cross trait Intercept: 0.0936 (0.007)
Total Observed Scale Genetic Covariance (g_cov): 0.057 (0.0144)
g_cov Z: 3.96
g_cov P-value: 7.3438e-05
     
Calculating genetic covariance [19/105] for traits: ./../../../ldsc_analyses/important_sumstats//avg_forearm.sumstats.gz and ./../../../ldsc_analyses/important_sumstats//global_IC.sumstats.gz
1026058 SNPs remain after merging ./../../../ldsc_analyses/important_sumstats//avg_forearm.sumstats.gz and ./../../../ldsc_analyses/important_sumstats//global_IC.sumstats.gz summary statistics
Results for genetic covariance between: ./../../../ldsc_analyses/important_sumstats//avg_forearm.sumstats.gz and ./../../../ldsc_analyses/important_sumstats//global_IC.sumstats.gz
Mean Z*Z: 0.1674
Cross trait Intercept: 0.0843 (0.0066)
Total Observed Scale Genetic Covariance (g_cov): 0.0735 (0.0137)
g_cov Z: 5.35
g_cov P-value: 8.8467e-08
     
Calculating genetic covariance [20/105] for traits: ./../../../ldsc_analyses/important_sumstats//avg_forearm.sumstats.gz and ./../../../ldsc_analyses/important_sumstats//global_SA.sumstats.gz
1026000 SNPs remain after merging ./../../../ldsc_analyses/important_sumstats//avg_forearm.sumstats.gz and ./../../../ldsc_analyses/important_sumstats//global_SA.sumstats.gz summary statistics
Results for genetic covariance between: ./../../../ldsc_analyses/important_sumstats//avg_forearm.sumstats.gz and ./../../../ldsc_analyses/important_sumstats//global_SA.sumstats.gz
Mean Z*Z: 0.2179
Cross trait Intercept: 0.1292 (0.0074)
Total Observed Scale Genetic Covariance (g_cov): 0.0759 (0.0149)
g_cov Z: 5.09
g_cov P-value: 3.6047e-07
     
Calculating genetic covariance [21/105] for traits: ./../../../ldsc_analyses/important_sumstats//avg_forearm.sumstats.gz and ./../../../ldsc_analyses/important_sumstats//hip_width.sumstats.gz
1027511 SNPs remain after merging ./../../../ldsc_analyses/important_sumstats//avg_forearm.sumstats.gz and ./../../../ldsc_analyses/important_sumstats//hip_width.sumstats.gz summary statistics
Results for genetic covariance between: ./../../../ldsc_analyses/important_sumstats//avg_forearm.sumstats.gz and ./../../../ldsc_analyses/important_sumstats//hip_width.sumstats.gz
Mean Z*Z: 0.7192
Cross trait Intercept: 0.4782 (0.009)
Total Observed Scale Genetic Covariance (g_cov): 0.2206 (0.0176)
g_cov Z: 12.5
g_cov P-value: 6.9334e-36
     
Calculating genetic covariance [22/105] for traits: ./../../../ldsc_analyses/important_sumstats//avg_forearm.sumstats.gz and ./../../../ldsc_analyses/important_sumstats//new_height.sumstats.gz
1026438 SNPs remain after merging ./../../../ldsc_analyses/important_sumstats//avg_forearm.sumstats.gz and ./../../../ldsc_analyses/important_sumstats//new_height.sumstats.gz summary statistics
Results for genetic covariance between: ./../../../ldsc_analyses/important_sumstats//avg_forearm.sumstats.gz and ./../../../ldsc_analyses/important_sumstats//new_height.sumstats.gz
Mean Z*Z: 1.5934
Cross trait Intercept: 0.3016 (0.0265)
Total Observed Scale Genetic Covariance (g_cov): 0.4007 (0.0214)
g_cov Z: 18.7
g_cov P-value: 3.342e-78
     
Calculating genetic covariance [23/105] for traits: ./../../../ldsc_analyses/important_sumstats//avg_forearm.sumstats.gz and ./../../../ldsc_analyses/important_sumstats//shoulder_width.sumstats.gz
1027627 SNPs remain after merging ./../../../ldsc_analyses/important_sumstats//avg_forearm.sumstats.gz and ./../../../ldsc_analyses/important_sumstats//shoulder_width.sumstats.gz summary statistics
Results for genetic covariance between: ./../../../ldsc_analyses/important_sumstats//avg_forearm.sumstats.gz and ./../../../ldsc_analyses/important_sumstats//shoulder_width.sumstats.gz
Mean Z*Z: 0.6636
Cross trait Intercept: 0.4519 (0.0083)
Total Observed Scale Genetic Covariance (g_cov): 0.1928 (0.0175)
g_cov Z: 11
g_cov P-value: 3.8794e-28
     
Calculating genetic covariance [24/105] for traits: ./../../../ldsc_analyses/important_sumstats//avg_forearm.sumstats.gz and ./../../../ldsc_analyses/important_sumstats//torso_length.sumstats.gz
1027592 SNPs remain after merging ./../../../ldsc_analyses/important_sumstats//avg_forearm.sumstats.gz and ./../../../ldsc_analyses/important_sumstats//torso_length.sumstats.gz summary statistics
Results for genetic covariance between: ./../../../ldsc_analyses/important_sumstats//avg_forearm.sumstats.gz and ./../../../ldsc_analyses/important_sumstats//torso_length.sumstats.gz
Mean Z*Z: 0.6145
Cross trait Intercept: 0.3996 (0.0088)
Total Observed Scale Genetic Covariance (g_cov): 0.1915 (0.0167)
g_cov Z: 11.5
g_cov P-value: 2.0793e-30
     
Calculating genetic covariance [25/105] for traits: ./../../../ldsc_analyses/important_sumstats//avg_forearm.sumstats.gz and ./trunk_munged.sumstats.gz
1005860 SNPs remain after merging ./../../../ldsc_analyses/important_sumstats//avg_forearm.sumstats.gz and ./trunk_munged.sumstats.gz summary statistics
Results for genetic covariance between: ./../../../ldsc_analyses/important_sumstats//avg_forearm.sumstats.gz and ./trunk_munged.sumstats.gz
Mean Z*Z: 0.4265
Cross trait Intercept: -0.0278 (0.0123)
Total Observed Scale Genetic Covariance (g_cov): 0.4154 (0.0255)
g_cov Z: 16.3
g_cov P-value: 1.8342e-59
     
Calculating genetic covariance [26/105] for traits: ./../../../ldsc_analyses/important_sumstats//avg_forearm.sumstats.gz and ./limb_munged.sumstats.gz
1007072 SNPs remain after merging ./../../../ldsc_analyses/important_sumstats//avg_forearm.sumstats.gz and ./limb_munged.sumstats.gz summary statistics
Results for genetic covariance between: ./../../../ldsc_analyses/important_sumstats//avg_forearm.sumstats.gz and ./limb_munged.sumstats.gz
Mean Z*Z: 1.4123
Cross trait Intercept: 0.8496 (0.0129)
Total Observed Scale Genetic Covariance (g_cov): 0.5906 (0.0331)
g_cov Z: 17.8
g_cov P-value: 4.9444e-71
     
Calculating genetic covariance [27/105] for traits: ./../../../ldsc_analyses/important_sumstats//avg_forearm.sumstats.gz and ./cortical_munged.sumstats.gz
1007540 SNPs remain after merging ./../../../ldsc_analyses/important_sumstats//avg_forearm.sumstats.gz and ./cortical_munged.sumstats.gz summary statistics
Results for genetic covariance between: ./../../../ldsc_analyses/important_sumstats//avg_forearm.sumstats.gz and ./cortical_munged.sumstats.gz
Mean Z*Z: 0.1943
Cross trait Intercept: 0.1102 (0.0069)
Total Observed Scale Genetic Covariance (g_cov): 0.1255 (0.0257)
g_cov Z: 4.89
g_cov P-value: 9.9977e-07
          
Estimating heritability [28/105] for: ./../../../ldsc_analyses/important_sumstats//avg_humerus.sumstats.gz
Heritability Results for trait: ./../../../ldsc_analyses/important_sumstats//avg_humerus.sumstats.gz
Mean Chi^2 across remaining SNPs: 1.5057
Lambda GC: 1.3202
Intercept: 1.0377 (0.0118)
Ratio: 0.0745 (0.0233)
Total Observed Scale h2: 0.4296 (0.0257)
h2 Z: 16.7
     
Calculating genetic covariance [29/105] for traits: ./../../../ldsc_analyses/important_sumstats//avg_humerus.sumstats.gz and ./../../../ldsc_analyses/important_sumstats//avg_tibia.sumstats.gz
1027426 SNPs remain after merging ./../../../ldsc_analyses/important_sumstats//avg_humerus.sumstats.gz and ./../../../ldsc_analyses/important_sumstats//avg_tibia.sumstats.gz summary statistics
Results for genetic covariance between: ./../../../ldsc_analyses/important_sumstats//avg_humerus.sumstats.gz and ./../../../ldsc_analyses/important_sumstats//avg_tibia.sumstats.gz
Mean Z*Z: 1.1832
Cross trait Intercept: 0.7957 (0.0108)
Total Observed Scale Genetic Covariance (g_cov): 0.3513 (0.0223)
g_cov Z: 15.7
g_cov P-value: 6.8797e-56
     
Calculating genetic covariance [30/105] for traits: ./../../../ldsc_analyses/important_sumstats//avg_humerus.sumstats.gz and ./../../../ldsc_analyses/important_sumstats//global_FI.sumstats.gz
1025939 SNPs remain after merging ./../../../ldsc_analyses/important_sumstats//avg_humerus.sumstats.gz and ./../../../ldsc_analyses/important_sumstats//global_FI.sumstats.gz summary statistics
Results for genetic covariance between: ./../../../ldsc_analyses/important_sumstats//avg_humerus.sumstats.gz and ./../../../ldsc_analyses/important_sumstats//global_FI.sumstats.gz
Mean Z*Z: 0.121
Cross trait Intercept: 0.0695 (0.0066)
Total Observed Scale Genetic Covariance (g_cov): 0.047 (0.0132)
g_cov Z: 3.57
g_cov P-value: 0.00035527
     
Calculating genetic covariance [31/105] for traits: ./../../../ldsc_analyses/important_sumstats//avg_humerus.sumstats.gz and ./../../../ldsc_analyses/important_sumstats//global_IC.sumstats.gz
1025974 SNPs remain after merging ./../../../ldsc_analyses/important_sumstats//avg_humerus.sumstats.gz and ./../../../ldsc_analyses/important_sumstats//global_IC.sumstats.gz summary statistics
Results for genetic covariance between: ./../../../ldsc_analyses/important_sumstats//avg_humerus.sumstats.gz and ./../../../ldsc_analyses/important_sumstats//global_IC.sumstats.gz
Mean Z*Z: 0.1313
Cross trait Intercept: 0.0659 (0.0065)
Total Observed Scale Genetic Covariance (g_cov): 0.0601 (0.013)
g_cov Z: 4.64
g_cov P-value: 3.5236e-06
     
Calculating genetic covariance [32/105] for traits: ./../../../ldsc_analyses/important_sumstats//avg_humerus.sumstats.gz and ./../../../ldsc_analyses/important_sumstats//global_SA.sumstats.gz
1025912 SNPs remain after merging ./../../../ldsc_analyses/important_sumstats//avg_humerus.sumstats.gz and ./../../../ldsc_analyses/important_sumstats//global_SA.sumstats.gz summary statistics
Results for genetic covariance between: ./../../../ldsc_analyses/important_sumstats//avg_humerus.sumstats.gz and ./../../../ldsc_analyses/important_sumstats//global_SA.sumstats.gz
Mean Z*Z: 0.1636
Cross trait Intercept: 0.0984 (0.007)
Total Observed Scale Genetic Covariance (g_cov): 0.0557 (0.0135)
g_cov Z: 4.14
g_cov P-value: 3.5238e-05
     
Calculating genetic covariance [33/105] for traits: ./../../../ldsc_analyses/important_sumstats//avg_humerus.sumstats.gz and ./../../../ldsc_analyses/important_sumstats//hip_width.sumstats.gz
1027389 SNPs remain after merging ./../../../ldsc_analyses/important_sumstats//avg_humerus.sumstats.gz and ./../../../ldsc_analyses/important_sumstats//hip_width.sumstats.gz summary statistics
Results for genetic covariance between: ./../../../ldsc_analyses/important_sumstats//avg_humerus.sumstats.gz and ./../../../ldsc_analyses/important_sumstats//hip_width.sumstats.gz
Mean Z*Z: 0.67
Cross trait Intercept: 0.4554 (0.0087)
Total Observed Scale Genetic Covariance (g_cov): 0.2029 (0.0168)
g_cov Z: 12.1
g_cov P-value: 1.6099e-33
     
Calculating genetic covariance [34/105] for traits: ./../../../ldsc_analyses/important_sumstats//avg_humerus.sumstats.gz and ./../../../ldsc_analyses/important_sumstats//new_height.sumstats.gz
1026351 SNPs remain after merging ./../../../ldsc_analyses/important_sumstats//avg_humerus.sumstats.gz and ./../../../ldsc_analyses/important_sumstats//new_height.sumstats.gz summary statistics
Results for genetic covariance between: ./../../../ldsc_analyses/important_sumstats//avg_humerus.sumstats.gz and ./../../../ldsc_analyses/important_sumstats//new_height.sumstats.gz
Mean Z*Z: 1.5332
Cross trait Intercept: 0.2865 (0.0247)
Total Observed Scale Genetic Covariance (g_cov): 0.3878 (0.0204)
g_cov Z: 19
g_cov P-value: 1.5143e-80
     
Calculating genetic covariance [35/105] for traits: ./../../../ldsc_analyses/important_sumstats//avg_humerus.sumstats.gz and ./../../../ldsc_analyses/important_sumstats//shoulder_width.sumstats.gz
1027541 SNPs remain after merging ./../../../ldsc_analyses/important_sumstats//avg_humerus.sumstats.gz and ./../../../ldsc_analyses/important_sumstats//shoulder_width.sumstats.gz summary statistics
Results for genetic covariance between: ./../../../ldsc_analyses/important_sumstats//avg_humerus.sumstats.gz and ./../../../ldsc_analyses/important_sumstats//shoulder_width.sumstats.gz
Mean Z*Z: 0.5878
Cross trait Intercept: 0.3889 (0.0077)
Total Observed Scale Genetic Covariance (g_cov): 0.1856 (0.0177)
g_cov Z: 10.5
g_cov P-value: 1.0346e-25
     
Calculating genetic covariance [36/105] for traits: ./../../../ldsc_analyses/important_sumstats//avg_humerus.sumstats.gz and ./../../../ldsc_analyses/important_sumstats//torso_length.sumstats.gz
1027482 SNPs remain after merging ./../../../ldsc_analyses/important_sumstats//avg_humerus.sumstats.gz and ./../../../ldsc_analyses/important_sumstats//torso_length.sumstats.gz summary statistics
Results for genetic covariance between: ./../../../ldsc_analyses/important_sumstats//avg_humerus.sumstats.gz and ./../../../ldsc_analyses/important_sumstats//torso_length.sumstats.gz
Mean Z*Z: 0.5823
Cross trait Intercept: 0.3804 (0.0084)
Total Observed Scale Genetic Covariance (g_cov): 0.1859 (0.0163)
g_cov Z: 11.4
g_cov P-value: 5.5638e-30
     
Calculating genetic covariance [37/105] for traits: ./../../../ldsc_analyses/important_sumstats//avg_humerus.sumstats.gz and ./trunk_munged.sumstats.gz
1005697 SNPs remain after merging ./../../../ldsc_analyses/important_sumstats//avg_humerus.sumstats.gz and ./trunk_munged.sumstats.gz summary statistics
Results for genetic covariance between: ./../../../ldsc_analyses/important_sumstats//avg_humerus.sumstats.gz and ./trunk_munged.sumstats.gz
Mean Z*Z: 0.3578
Cross trait Intercept: -0.0616 (0.0114)
Total Observed Scale Genetic Covariance (g_cov): 0.3864 (0.0248)
g_cov Z: 15.6
g_cov P-value: 9.5772e-55
     
Calculating genetic covariance [38/105] for traits: ./../../../ldsc_analyses/important_sumstats//avg_humerus.sumstats.gz and ./limb_munged.sumstats.gz
1007028 SNPs remain after merging ./../../../ldsc_analyses/important_sumstats//avg_humerus.sumstats.gz and ./limb_munged.sumstats.gz summary statistics
Results for genetic covariance between: ./../../../ldsc_analyses/important_sumstats//avg_humerus.sumstats.gz and ./limb_munged.sumstats.gz
Mean Z*Z: 1.3979
Cross trait Intercept: 0.8393 (0.0122)
Total Observed Scale Genetic Covariance (g_cov): 0.5876 (0.0315)
g_cov Z: 18.6
g_cov P-value: 1.4743e-77
     
Calculating genetic covariance [39/105] for traits: ./../../../ldsc_analyses/important_sumstats//avg_humerus.sumstats.gz and ./cortical_munged.sumstats.gz
1007437 SNPs remain after merging ./../../../ldsc_analyses/important_sumstats//avg_humerus.sumstats.gz and ./cortical_munged.sumstats.gz summary statistics
Results for genetic covariance between: ./../../../ldsc_analyses/important_sumstats//avg_humerus.sumstats.gz and ./cortical_munged.sumstats.gz
Mean Z*Z: 0.1478
Cross trait Intercept: 0.0838 (0.0069)
Total Observed Scale Genetic Covariance (g_cov): 0.0985 (0.0236)
g_cov Z: 4.18
g_cov P-value: 2.9187e-05
          
Estimating heritability [40/105] for: ./../../../ldsc_analyses/important_sumstats//avg_tibia.sumstats.gz
Heritability Results for trait: ./../../../ldsc_analyses/important_sumstats//avg_tibia.sumstats.gz
Mean Chi^2 across remaining SNPs: 1.5436
Lambda GC: 1.3339
Intercept: 1.0547 (0.0124)
Ratio: 0.1006 (0.0227)
Total Observed Scale h2: 0.4423 (0.0263)
h2 Z: 16.8
     
Calculating genetic covariance [41/105] for traits: ./../../../ldsc_analyses/important_sumstats//avg_tibia.sumstats.gz and ./../../../ldsc_analyses/important_sumstats//global_FI.sumstats.gz
1026021 SNPs remain after merging ./../../../ldsc_analyses/important_sumstats//avg_tibia.sumstats.gz and ./../../../ldsc_analyses/important_sumstats//global_FI.sumstats.gz summary statistics
Results for genetic covariance between: ./../../../ldsc_analyses/important_sumstats//avg_tibia.sumstats.gz and ./../../../ldsc_analyses/important_sumstats//global_FI.sumstats.gz
Mean Z*Z: 0.1694
Cross trait Intercept: 0.0949 (0.007)
Total Observed Scale Genetic Covariance (g_cov): 0.0641 (0.014)
g_cov Z: 4.56
g_cov P-value: 5.0369e-06
     
Calculating genetic covariance [42/105] for traits: ./../../../ldsc_analyses/important_sumstats//avg_tibia.sumstats.gz and ./../../../ldsc_analyses/important_sumstats//global_IC.sumstats.gz
1026055 SNPs remain after merging ./../../../ldsc_analyses/important_sumstats//avg_tibia.sumstats.gz and ./../../../ldsc_analyses/important_sumstats//global_IC.sumstats.gz summary statistics
Results for genetic covariance between: ./../../../ldsc_analyses/important_sumstats//avg_tibia.sumstats.gz and ./../../../ldsc_analyses/important_sumstats//global_IC.sumstats.gz
Mean Z*Z: 0.1712
Cross trait Intercept: 0.0829 (0.0069)
Total Observed Scale Genetic Covariance (g_cov): 0.0785 (0.0133)
g_cov Z: 5.9
g_cov P-value: 3.6556e-09
     
Calculating genetic covariance [43/105] for traits: ./../../../ldsc_analyses/important_sumstats//avg_tibia.sumstats.gz and ./../../../ldsc_analyses/important_sumstats//global_SA.sumstats.gz
1025997 SNPs remain after merging ./../../../ldsc_analyses/important_sumstats//avg_tibia.sumstats.gz and ./../../../ldsc_analyses/important_sumstats//global_SA.sumstats.gz summary statistics
Results for genetic covariance between: ./../../../ldsc_analyses/important_sumstats//avg_tibia.sumstats.gz and ./../../../ldsc_analyses/important_sumstats//global_SA.sumstats.gz
Mean Z*Z: 0.2285
Cross trait Intercept: 0.1359 (0.0074)
Total Observed Scale Genetic Covariance (g_cov): 0.0799 (0.0146)
g_cov Z: 5.48
g_cov P-value: 4.2885e-08
     
Calculating genetic covariance [44/105] for traits: ./../../../ldsc_analyses/important_sumstats//avg_tibia.sumstats.gz and ./../../../ldsc_analyses/important_sumstats//hip_width.sumstats.gz
1027474 SNPs remain after merging ./../../../ldsc_analyses/important_sumstats//avg_tibia.sumstats.gz and ./../../../ldsc_analyses/important_sumstats//hip_width.sumstats.gz summary statistics
Results for genetic covariance between: ./../../../ldsc_analyses/important_sumstats//avg_tibia.sumstats.gz and ./../../../ldsc_analyses/important_sumstats//hip_width.sumstats.gz
Mean Z*Z: 0.7159
Cross trait Intercept: 0.4729 (0.009)
Total Observed Scale Genetic Covariance (g_cov): 0.2255 (0.0172)
g_cov Z: 13.1
g_cov P-value: 2.5005e-39
     
Calculating genetic covariance [45/105] for traits: ./../../../ldsc_analyses/important_sumstats//avg_tibia.sumstats.gz and ./../../../ldsc_analyses/important_sumstats//new_height.sumstats.gz
1026436 SNPs remain after merging ./../../../ldsc_analyses/important_sumstats//avg_tibia.sumstats.gz and ./../../../ldsc_analyses/important_sumstats//new_height.sumstats.gz summary statistics
Results for genetic covariance between: ./../../../ldsc_analyses/important_sumstats//avg_tibia.sumstats.gz and ./../../../ldsc_analyses/important_sumstats//new_height.sumstats.gz
Mean Z*Z: 1.7713
Cross trait Intercept: 0.341 (0.0281)
Total Observed Scale Genetic Covariance (g_cov): 0.4445 (0.0227)
g_cov Z: 19.5
g_cov P-value: 4.3064e-85
     
Calculating genetic covariance [46/105] for traits: ./../../../ldsc_analyses/important_sumstats//avg_tibia.sumstats.gz and ./../../../ldsc_analyses/important_sumstats//shoulder_width.sumstats.gz
1027623 SNPs remain after merging ./../../../ldsc_analyses/important_sumstats//avg_tibia.sumstats.gz and ./../../../ldsc_analyses/important_sumstats//shoulder_width.sumstats.gz summary statistics
Results for genetic covariance between: ./../../../ldsc_analyses/important_sumstats//avg_tibia.sumstats.gz and ./../../../ldsc_analyses/important_sumstats//shoulder_width.sumstats.gz
Mean Z*Z: 0.6091
Cross trait Intercept: 0.4141 (0.0082)
Total Observed Scale Genetic Covariance (g_cov): 0.1801 (0.0171)
g_cov Z: 10.5
g_cov P-value: 8.4254e-26
     
Calculating genetic covariance [47/105] for traits: ./../../../ldsc_analyses/important_sumstats//avg_tibia.sumstats.gz and ./../../../ldsc_analyses/important_sumstats//torso_length.sumstats.gz
1027563 SNPs remain after merging ./../../../ldsc_analyses/important_sumstats//avg_tibia.sumstats.gz and ./../../../ldsc_analyses/important_sumstats//torso_length.sumstats.gz summary statistics
Results for genetic covariance between: ./../../../ldsc_analyses/important_sumstats//avg_tibia.sumstats.gz and ./../../../ldsc_analyses/important_sumstats//torso_length.sumstats.gz
Mean Z*Z: 0.6075
Cross trait Intercept: 0.3876 (0.0084)
Total Observed Scale Genetic Covariance (g_cov): 0.1976 (0.0156)
g_cov Z: 12.7
g_cov P-value: 7.9777e-37
     
Calculating genetic covariance [48/105] for traits: ./../../../ldsc_analyses/important_sumstats//avg_tibia.sumstats.gz and ./trunk_munged.sumstats.gz
1005824 SNPs remain after merging ./../../../ldsc_analyses/important_sumstats//avg_tibia.sumstats.gz and ./trunk_munged.sumstats.gz summary statistics
Results for genetic covariance between: ./../../../ldsc_analyses/important_sumstats//avg_tibia.sumstats.gz and ./trunk_munged.sumstats.gz
Mean Z*Z: 0.427
Cross trait Intercept: -0.0707 (0.0126)
Total Observed Scale Genetic Covariance (g_cov): 0.4542 (0.0272)
g_cov Z: 16.7
g_cov P-value: 2.092e-62
     
Calculating genetic covariance [49/105] for traits: ./../../../ldsc_analyses/important_sumstats//avg_tibia.sumstats.gz and ./limb_munged.sumstats.gz
1007091 SNPs remain after merging ./../../../ldsc_analyses/important_sumstats//avg_tibia.sumstats.gz and ./limb_munged.sumstats.gz summary statistics
Results for genetic covariance between: ./../../../ldsc_analyses/important_sumstats//avg_tibia.sumstats.gz and ./limb_munged.sumstats.gz
Mean Z*Z: 1.5211
Cross trait Intercept: 0.9098 (0.0136)
Total Observed Scale Genetic Covariance (g_cov): 0.6417 (0.0344)
g_cov Z: 18.6
g_cov P-value: 1.7842e-77
     
Calculating genetic covariance [50/105] for traits: ./../../../ldsc_analyses/important_sumstats//avg_tibia.sumstats.gz and ./cortical_munged.sumstats.gz
1007520 SNPs remain after merging ./../../../ldsc_analyses/important_sumstats//avg_tibia.sumstats.gz and ./cortical_munged.sumstats.gz summary statistics
Results for genetic covariance between: ./../../../ldsc_analyses/important_sumstats//avg_tibia.sumstats.gz and ./cortical_munged.sumstats.gz
Mean Z*Z: 0.2027
Cross trait Intercept: 0.1124 (0.0072)
Total Observed Scale Genetic Covariance (g_cov): 0.1356 (0.0251)
g_cov Z: 5.39
g_cov P-value: 6.9501e-08
          
Estimating heritability [51/105] for: ./../../../ldsc_analyses/important_sumstats//global_FI.sumstats.gz
Heritability Results for trait: ./../../../ldsc_analyses/important_sumstats//global_FI.sumstats.gz
Mean Chi^2 across remaining SNPs: 1.4106
Lambda GC: 1.2763
Intercept: 1.0165 (0.0105)
Ratio: 0.0401 (0.0256)
Total Observed Scale h2: 0.3607 (0.0227)
h2 Z: 15.9
     
Calculating genetic covariance [52/105] for traits: ./../../../ldsc_analyses/important_sumstats//global_FI.sumstats.gz and ./../../../ldsc_analyses/important_sumstats//global_IC.sumstats.gz
1166379 SNPs remain after merging ./../../../ldsc_analyses/important_sumstats//global_FI.sumstats.gz and ./../../../ldsc_analyses/important_sumstats//global_IC.sumstats.gz summary statistics
Results for genetic covariance between: ./../../../ldsc_analyses/important_sumstats//global_FI.sumstats.gz and ./../../../ldsc_analyses/important_sumstats//global_IC.sumstats.gz
Mean Z*Z: 1.1346
Cross trait Intercept: 0.8018 (0.0092)
Total Observed Scale Genetic Covariance (g_cov): 0.3081 (0.02)
g_cov Z: 15.4
g_cov P-value: 1.1756e-53
     
Calculating genetic covariance [53/105] for traits: ./../../../ldsc_analyses/important_sumstats//global_FI.sumstats.gz and ./../../../ldsc_analyses/important_sumstats//global_SA.sumstats.gz
1166344 SNPs remain after merging ./../../../ldsc_analyses/important_sumstats//global_FI.sumstats.gz and ./../../../ldsc_analyses/important_sumstats//global_SA.sumstats.gz summary statistics
Results for genetic covariance between: ./../../../ldsc_analyses/important_sumstats//global_FI.sumstats.gz and ./../../../ldsc_analyses/important_sumstats//global_SA.sumstats.gz
Mean Z*Z: 1.1712
Cross trait Intercept: 0.8275 (0.0101)
Total Observed Scale Genetic Covariance (g_cov): 0.3122 (0.0206)
g_cov Z: 15.2
g_cov P-value: 4.7099e-52
     
Calculating genetic covariance [54/105] for traits: ./../../../ldsc_analyses/important_sumstats//global_FI.sumstats.gz and ./../../../ldsc_analyses/important_sumstats//hip_width.sumstats.gz
1025992 SNPs remain after merging ./../../../ldsc_analyses/important_sumstats//global_FI.sumstats.gz and ./../../../ldsc_analyses/important_sumstats//hip_width.sumstats.gz summary statistics
Results for genetic covariance between: ./../../../ldsc_analyses/important_sumstats//global_FI.sumstats.gz and ./../../../ldsc_analyses/important_sumstats//hip_width.sumstats.gz
Mean Z*Z: 0.1272
Cross trait Intercept: 0.0646 (0.0061)
Total Observed Scale Genetic Covariance (g_cov): 0.0538 (0.0124)
g_cov Z: 4.35
g_cov P-value: 1.3897e-05
     
Calculating genetic covariance [55/105] for traits: ./../../../ldsc_analyses/important_sumstats//global_FI.sumstats.gz and ./../../../ldsc_analyses/important_sumstats//new_height.sumstats.gz
1155535 SNPs remain after merging ./../../../ldsc_analyses/important_sumstats//global_FI.sumstats.gz and ./../../../ldsc_analyses/important_sumstats//new_height.sumstats.gz summary statistics
Results for genetic covariance between: ./../../../ldsc_analyses/important_sumstats//global_FI.sumstats.gz and ./../../../ldsc_analyses/important_sumstats//new_height.sumstats.gz
Mean Z*Z: 0.2925
Cross trait Intercept: 0.0568 (0.0152)
Total Observed Scale Genetic Covariance (g_cov): 0.0714 (0.011)
g_cov Z: 6.49
g_cov P-value: 8.7795e-11
     
Calculating genetic covariance [56/105] for traits: ./../../../ldsc_analyses/important_sumstats//global_FI.sumstats.gz and ./../../../ldsc_analyses/important_sumstats//shoulder_width.sumstats.gz
1026151 SNPs remain after merging ./../../../ldsc_analyses/important_sumstats//global_FI.sumstats.gz and ./../../../ldsc_analyses/important_sumstats//shoulder_width.sumstats.gz summary statistics
Results for genetic covariance between: ./../../../ldsc_analyses/important_sumstats//global_FI.sumstats.gz and ./../../../ldsc_analyses/important_sumstats//shoulder_width.sumstats.gz
Mean Z*Z: 0.1347
Cross trait Intercept: 0.0789 (0.0063)
Total Observed Scale Genetic Covariance (g_cov): 0.0441 (0.014)
g_cov Z: 3.15
g_cov P-value: 0.0016166
     
Calculating genetic covariance [57/105] for traits: ./../../../ldsc_analyses/important_sumstats//global_FI.sumstats.gz and ./../../../ldsc_analyses/important_sumstats//torso_length.sumstats.gz
1026087 SNPs remain after merging ./../../../ldsc_analyses/important_sumstats//global_FI.sumstats.gz and ./../../../ldsc_analyses/important_sumstats//torso_length.sumstats.gz summary statistics
Results for genetic covariance between: ./../../../ldsc_analyses/important_sumstats//global_FI.sumstats.gz and ./../../../ldsc_analyses/important_sumstats//torso_length.sumstats.gz
Mean Z*Z: 0.1182
Cross trait Intercept: 0.0758 (0.0061)
Total Observed Scale Genetic Covariance (g_cov): 0.0346 (0.0127)
g_cov Z: 2.73
g_cov P-value: 0.0062955
     
Calculating genetic covariance [58/105] for traits: ./../../../ldsc_analyses/important_sumstats//global_FI.sumstats.gz and ./trunk_munged.sumstats.gz
1005845 SNPs remain after merging ./../../../ldsc_analyses/important_sumstats//global_FI.sumstats.gz and ./trunk_munged.sumstats.gz summary statistics
Results for genetic covariance between: ./../../../ldsc_analyses/important_sumstats//global_FI.sumstats.gz and ./trunk_munged.sumstats.gz
Mean Z*Z: 0.1479
Cross trait Intercept: 0.0472 (0.0072)
Total Observed Scale Genetic Covariance (g_cov): 0.0871 (0.0169)
g_cov Z: 5.17
g_cov P-value: 2.3665e-07
     
Calculating genetic covariance [59/105] for traits: ./../../../ldsc_analyses/important_sumstats//global_FI.sumstats.gz and ./limb_munged.sumstats.gz
1007008 SNPs remain after merging ./../../../ldsc_analyses/important_sumstats//global_FI.sumstats.gz and ./limb_munged.sumstats.gz summary statistics
Results for genetic covariance between: ./../../../ldsc_analyses/important_sumstats//global_FI.sumstats.gz and ./limb_munged.sumstats.gz
Mean Z*Z: 0.171
Cross trait Intercept: 0.0794 (0.0077)
Total Observed Scale Genetic Covariance (g_cov): 0.0922 (0.0179)
g_cov Z: 5.16
g_cov P-value: 2.4255e-07
     
Calculating genetic covariance [60/105] for traits: ./../../../ldsc_analyses/important_sumstats//global_FI.sumstats.gz and ./cortical_munged.sumstats.gz
1007631 SNPs remain after merging ./../../../ldsc_analyses/important_sumstats//global_FI.sumstats.gz and ./cortical_munged.sumstats.gz summary statistics
Results for genetic covariance between: ./../../../ldsc_analyses/important_sumstats//global_FI.sumstats.gz and ./cortical_munged.sumstats.gz
Mean Z*Z: 1.3403
Cross trait Intercept: 0.9409 (0.011)
Total Observed Scale Genetic Covariance (g_cov): 0.6026 (0.0394)
g_cov Z: 15.3
g_cov P-value: 7.5775e-53
          
Estimating heritability [61/105] for: ./../../../ldsc_analyses/important_sumstats//global_IC.sumstats.gz
Heritability Results for trait: ./../../../ldsc_analyses/important_sumstats//global_IC.sumstats.gz
Mean Chi^2 across remaining SNPs: 1.3462
Lambda GC: 1.243
Intercept: 1.0185 (0.0093)
Ratio: 0.0535 (0.0267)
Total Observed Scale h2: 0.3063 (0.02)
h2 Z: 15.3
     
Calculating genetic covariance [62/105] for traits: ./../../../ldsc_analyses/important_sumstats//global_IC.sumstats.gz and ./../../../ldsc_analyses/important_sumstats//global_SA.sumstats.gz
1166347 SNPs remain after merging ./../../../ldsc_analyses/important_sumstats//global_IC.sumstats.gz and ./../../../ldsc_analyses/important_sumstats//global_SA.sumstats.gz summary statistics
Results for genetic covariance between: ./../../../ldsc_analyses/important_sumstats//global_IC.sumstats.gz and ./../../../ldsc_analyses/important_sumstats//global_SA.sumstats.gz
Mean Z*Z: 1.0398
Cross trait Intercept: 0.7319 (0.0093)
Total Observed Scale Genetic Covariance (g_cov): 0.284 (0.0191)
g_cov Z: 14.9
g_cov P-value: 6.3751e-50
     
Calculating genetic covariance [63/105] for traits: ./../../../ldsc_analyses/important_sumstats//global_IC.sumstats.gz and ./../../../ldsc_analyses/important_sumstats//hip_width.sumstats.gz
1026027 SNPs remain after merging ./../../../ldsc_analyses/important_sumstats//global_IC.sumstats.gz and ./../../../ldsc_analyses/important_sumstats//hip_width.sumstats.gz summary statistics
Results for genetic covariance between: ./../../../ldsc_analyses/important_sumstats//global_IC.sumstats.gz and ./../../../ldsc_analyses/important_sumstats//hip_width.sumstats.gz
Mean Z*Z: 0.1355
Cross trait Intercept: 0.0578 (0.0062)
Total Observed Scale Genetic Covariance (g_cov): 0.0673 (0.0121)
g_cov Z: 5.55
g_cov P-value: 2.8007e-08
     
Calculating genetic covariance [64/105] for traits: ./../../../ldsc_analyses/important_sumstats//global_IC.sumstats.gz and ./../../../ldsc_analyses/important_sumstats//new_height.sumstats.gz
1155542 SNPs remain after merging ./../../../ldsc_analyses/important_sumstats//global_IC.sumstats.gz and ./../../../ldsc_analyses/important_sumstats//new_height.sumstats.gz summary statistics
Results for genetic covariance between: ./../../../ldsc_analyses/important_sumstats//global_IC.sumstats.gz and ./../../../ldsc_analyses/important_sumstats//new_height.sumstats.gz
Mean Z*Z: 0.311
Cross trait Intercept: 0.0441 (0.014)
Total Observed Scale Genetic Covariance (g_cov): 0.0811 (0.0103)
g_cov Z: 7.89
g_cov P-value: 3.056e-15
     
Calculating genetic covariance [65/105] for traits: ./../../../ldsc_analyses/important_sumstats//global_IC.sumstats.gz and ./../../../ldsc_analyses/important_sumstats//shoulder_width.sumstats.gz
1026186 SNPs remain after merging ./../../../ldsc_analyses/important_sumstats//global_IC.sumstats.gz and ./../../../ldsc_analyses/important_sumstats//shoulder_width.sumstats.gz summary statistics
Results for genetic covariance between: ./../../../ldsc_analyses/important_sumstats//global_IC.sumstats.gz and ./../../../ldsc_analyses/important_sumstats//shoulder_width.sumstats.gz
Mean Z*Z: 0.1417
Cross trait Intercept: 0.0733 (0.0066)
Total Observed Scale Genetic Covariance (g_cov): 0.0573 (0.0143)
g_cov Z: 4
g_cov P-value: 6.2528e-05
     
Calculating genetic covariance [66/105] for traits: ./../../../ldsc_analyses/important_sumstats//global_IC.sumstats.gz and ./../../../ldsc_analyses/important_sumstats//torso_length.sumstats.gz
1026122 SNPs remain after merging ./../../../ldsc_analyses/important_sumstats//global_IC.sumstats.gz and ./../../../ldsc_analyses/important_sumstats//torso_length.sumstats.gz summary statistics
Results for genetic covariance between: ./../../../ldsc_analyses/important_sumstats//global_IC.sumstats.gz and ./../../../ldsc_analyses/important_sumstats//torso_length.sumstats.gz
Mean Z*Z: 0.1222
Cross trait Intercept: 0.065 (0.0059)
Total Observed Scale Genetic Covariance (g_cov): 0.0489 (0.0125)
g_cov Z: 3.91
g_cov P-value: 9.3856e-05
     
Calculating genetic covariance [67/105] for traits: ./../../../ldsc_analyses/important_sumstats//global_IC.sumstats.gz and ./trunk_munged.sumstats.gz
1005852 SNPs remain after merging ./../../../ldsc_analyses/important_sumstats//global_IC.sumstats.gz and ./trunk_munged.sumstats.gz summary statistics
Results for genetic covariance between: ./../../../ldsc_analyses/important_sumstats//global_IC.sumstats.gz and ./trunk_munged.sumstats.gz
Mean Z*Z: 0.1606
Cross trait Intercept: 0.0411 (0.0069)
Total Observed Scale Genetic Covariance (g_cov): 0.1011 (0.0157)
g_cov Z: 6.43
g_cov P-value: 1.3106e-10
     
Calculating genetic covariance [68/105] for traits: ./../../../ldsc_analyses/important_sumstats//global_IC.sumstats.gz and ./limb_munged.sumstats.gz
1007042 SNPs remain after merging ./../../../ldsc_analyses/important_sumstats//global_IC.sumstats.gz and ./limb_munged.sumstats.gz summary statistics
Results for genetic covariance between: ./../../../ldsc_analyses/important_sumstats//global_IC.sumstats.gz and ./limb_munged.sumstats.gz
Mean Z*Z: 0.1799
Cross trait Intercept: 0.0712 (0.0073)
Total Observed Scale Genetic Covariance (g_cov): 0.1112 (0.017)
g_cov Z: 6.54
g_cov P-value: 6.1096e-11
     
Calculating genetic covariance [69/105] for traits: ./../../../ldsc_analyses/important_sumstats//global_IC.sumstats.gz and ./cortical_munged.sumstats.gz
1007637 SNPs remain after merging ./../../../ldsc_analyses/important_sumstats//global_IC.sumstats.gz and ./cortical_munged.sumstats.gz summary statistics
Results for genetic covariance between: ./../../../ldsc_analyses/important_sumstats//global_IC.sumstats.gz and ./cortical_munged.sumstats.gz
Mean Z*Z: 1.2706
Cross trait Intercept: 0.9093 (0.0102)
Total Observed Scale Genetic Covariance (g_cov): 0.5522 (0.036)
g_cov Z: 15.4
g_cov P-value: 3.1649e-53
          
Estimating heritability [70/105] for: ./../../../ldsc_analyses/important_sumstats//global_SA.sumstats.gz
Heritability Results for trait: ./../../../ldsc_analyses/important_sumstats//global_SA.sumstats.gz
Mean Chi^2 across remaining SNPs: 1.4397
Lambda GC: 1.283
Intercept: 1.0248 (0.0115)
Ratio: 0.0564 (0.0261)
Total Observed Scale h2: 0.3765 (0.0242)
h2 Z: 15.5
     
Calculating genetic covariance [71/105] for traits: ./../../../ldsc_analyses/important_sumstats//global_SA.sumstats.gz and ./../../../ldsc_analyses/important_sumstats//hip_width.sumstats.gz
1025965 SNPs remain after merging ./../../../ldsc_analyses/important_sumstats//global_SA.sumstats.gz and ./../../../ldsc_analyses/important_sumstats//hip_width.sumstats.gz summary statistics
Results for genetic covariance between: ./../../../ldsc_analyses/important_sumstats//global_SA.sumstats.gz and ./../../../ldsc_analyses/important_sumstats//hip_width.sumstats.gz
Mean Z*Z: 0.1585
Cross trait Intercept: 0.0887 (0.0064)
Total Observed Scale Genetic Covariance (g_cov): 0.0622 (0.0135)
g_cov Z: 4.61
g_cov P-value: 3.9376e-06
     
Calculating genetic covariance [72/105] for traits: ./../../../ldsc_analyses/important_sumstats//global_SA.sumstats.gz and ./../../../ldsc_analyses/important_sumstats//new_height.sumstats.gz
1155515 SNPs remain after merging ./../../../ldsc_analyses/important_sumstats//global_SA.sumstats.gz and ./../../../ldsc_analyses/important_sumstats//new_height.sumstats.gz summary statistics
Results for genetic covariance between: ./../../../ldsc_analyses/important_sumstats//global_SA.sumstats.gz and ./../../../ldsc_analyses/important_sumstats//new_height.sumstats.gz
Mean Z*Z: 0.4195
Cross trait Intercept: 0.0792 (0.0171)
Total Observed Scale Genetic Covariance (g_cov): 0.0999 (0.0125)
g_cov Z: 8.02
g_cov P-value: 1.0244e-15
     
Calculating genetic covariance [73/105] for traits: ./../../../ldsc_analyses/important_sumstats//global_SA.sumstats.gz and ./../../../ldsc_analyses/important_sumstats//shoulder_width.sumstats.gz
1026124 SNPs remain after merging ./../../../ldsc_analyses/important_sumstats//global_SA.sumstats.gz and ./../../../ldsc_analyses/important_sumstats//shoulder_width.sumstats.gz summary statistics
Results for genetic covariance between: ./../../../ldsc_analyses/important_sumstats//global_SA.sumstats.gz and ./../../../ldsc_analyses/important_sumstats//shoulder_width.sumstats.gz
Mean Z*Z: 0.1873
Cross trait Intercept: 0.113 (0.0068)
Total Observed Scale Genetic Covariance (g_cov): 0.0616 (0.0149)
g_cov Z: 4.15
g_cov P-value: 3.3351e-05
     
Calculating genetic covariance [74/105] for traits: ./../../../ldsc_analyses/important_sumstats//global_SA.sumstats.gz and ./../../../ldsc_analyses/important_sumstats//torso_length.sumstats.gz
1026060 SNPs remain after merging ./../../../ldsc_analyses/important_sumstats//global_SA.sumstats.gz and ./../../../ldsc_analyses/important_sumstats//torso_length.sumstats.gz summary statistics
Results for genetic covariance between: ./../../../ldsc_analyses/important_sumstats//global_SA.sumstats.gz and ./../../../ldsc_analyses/important_sumstats//torso_length.sumstats.gz
Mean Z*Z: 0.1545
Cross trait Intercept: 0.0861 (0.0064)
Total Observed Scale Genetic Covariance (g_cov): 0.056 (0.014)
g_cov Z: 4.01
g_cov P-value: 6.0705e-05
     
Calculating genetic covariance [75/105] for traits: ./../../../ldsc_analyses/important_sumstats//global_SA.sumstats.gz and ./trunk_munged.sumstats.gz
1005830 SNPs remain after merging ./../../../ldsc_analyses/important_sumstats//global_SA.sumstats.gz and ./trunk_munged.sumstats.gz summary statistics
Results for genetic covariance between: ./../../../ldsc_analyses/important_sumstats//global_SA.sumstats.gz and ./trunk_munged.sumstats.gz
Mean Z*Z: 0.2054
Cross trait Intercept: 0.0552 (0.0083)
Total Observed Scale Genetic Covariance (g_cov): 0.1267 (0.0189)
g_cov Z: 6.7
g_cov P-value: 2.0446e-11
     
Calculating genetic covariance [76/105] for traits: ./../../../ldsc_analyses/important_sumstats//global_SA.sumstats.gz and ./limb_munged.sumstats.gz
1006985 SNPs remain after merging ./../../../ldsc_analyses/important_sumstats//global_SA.sumstats.gz and ./limb_munged.sumstats.gz summary statistics
Results for genetic covariance between: ./../../../ldsc_analyses/important_sumstats//global_SA.sumstats.gz and ./limb_munged.sumstats.gz
Mean Z*Z: 0.2366
Cross trait Intercept: 0.1145 (0.0084)
Total Observed Scale Genetic Covariance (g_cov): 0.12 (0.0188)
g_cov Z: 6.39
g_cov P-value: 1.6952e-10
     
Calculating genetic covariance [77/105] for traits: ./../../../ldsc_analyses/important_sumstats//global_SA.sumstats.gz and ./cortical_munged.sumstats.gz
1007617 SNPs remain after merging ./../../../ldsc_analyses/important_sumstats//global_SA.sumstats.gz and ./cortical_munged.sumstats.gz summary statistics
Results for genetic covariance between: ./../../../ldsc_analyses/important_sumstats//global_SA.sumstats.gz and ./cortical_munged.sumstats.gz
Mean Z*Z: 1.3232
Cross trait Intercept: 0.9234 (0.0114)
Total Observed Scale Genetic Covariance (g_cov): 0.6001 (0.0412)
g_cov Z: 14.6
g_cov P-value: 3.7962e-48
          
Estimating heritability [78/105] for: ./../../../ldsc_analyses/important_sumstats//hip_width.sumstats.gz
Heritability Results for trait: ./../../../ldsc_analyses/important_sumstats//hip_width.sumstats.gz
Mean Chi^2 across remaining SNPs: 1.4334
Lambda GC: 1.2864
Intercept: 1.0345 (0.012)
Ratio: 0.0796 (0.0277)
Total Observed Scale h2: 0.37 (0.0256)
h2 Z: 14.4
     
Calculating genetic covariance [79/105] for traits: ./../../../ldsc_analyses/important_sumstats//hip_width.sumstats.gz and ./../../../ldsc_analyses/important_sumstats//new_height.sumstats.gz
1026429 SNPs remain after merging ./../../../ldsc_analyses/important_sumstats//hip_width.sumstats.gz and ./../../../ldsc_analyses/important_sumstats//new_height.sumstats.gz summary statistics
Results for genetic covariance between: ./../../../ldsc_analyses/important_sumstats//hip_width.sumstats.gz and ./../../../ldsc_analyses/important_sumstats//new_height.sumstats.gz
Mean Z*Z: 1.2129
Cross trait Intercept: 0.2268 (0.0243)
Total Observed Scale Genetic Covariance (g_cov): 0.3126 (0.0186)
g_cov Z: 16.8
g_cov P-value: 3.9062e-63
     
Calculating genetic covariance [80/105] for traits: ./../../../ldsc_analyses/important_sumstats//hip_width.sumstats.gz and ./../../../ldsc_analyses/important_sumstats//shoulder_width.sumstats.gz
1027596 SNPs remain after merging ./../../../ldsc_analyses/important_sumstats//hip_width.sumstats.gz and ./../../../ldsc_analyses/important_sumstats//shoulder_width.sumstats.gz summary statistics
Results for genetic covariance between: ./../../../ldsc_analyses/important_sumstats//hip_width.sumstats.gz and ./../../../ldsc_analyses/important_sumstats//shoulder_width.sumstats.gz
Mean Z*Z: 0.5726
Cross trait Intercept: 0.3855 (0.0083)
Total Observed Scale Genetic Covariance (g_cov): 0.1743 (0.0173)
g_cov Z: 10.1
g_cov P-value: 5.7749e-24
     
Calculating genetic covariance [81/105] for traits: ./../../../ldsc_analyses/important_sumstats//hip_width.sumstats.gz and ./../../../ldsc_analyses/important_sumstats//torso_length.sumstats.gz
1027561 SNPs remain after merging ./../../../ldsc_analyses/important_sumstats//hip_width.sumstats.gz and ./../../../ldsc_analyses/important_sumstats//torso_length.sumstats.gz summary statistics
Results for genetic covariance between: ./../../../ldsc_analyses/important_sumstats//hip_width.sumstats.gz and ./../../../ldsc_analyses/important_sumstats//torso_length.sumstats.gz
Mean Z*Z: 0.7083
Cross trait Intercept: 0.4748 (0.0089)
Total Observed Scale Genetic Covariance (g_cov): 0.2189 (0.0187)
g_cov Z: 11.7
g_cov P-value: 1.1803e-31
     
Calculating genetic covariance [82/105] for traits: ./../../../ldsc_analyses/important_sumstats//hip_width.sumstats.gz and ./trunk_munged.sumstats.gz
1005895 SNPs remain after merging ./../../../ldsc_analyses/important_sumstats//hip_width.sumstats.gz and ./trunk_munged.sumstats.gz summary statistics
Results for genetic covariance between: ./../../../ldsc_analyses/important_sumstats//hip_width.sumstats.gz and ./trunk_munged.sumstats.gz
Mean Z*Z: 1.0439
Cross trait Intercept: 0.5475 (0.0123)
Total Observed Scale Genetic Covariance (g_cov): 0.4682 (0.0254)
g_cov Z: 18.5
g_cov P-value: 4.3551e-76
     
Calculating genetic covariance [83/105] for traits: ./../../../ldsc_analyses/important_sumstats//hip_width.sumstats.gz and ./limb_munged.sumstats.gz
1006987 SNPs remain after merging ./../../../ldsc_analyses/important_sumstats//hip_width.sumstats.gz and ./limb_munged.sumstats.gz summary statistics
Results for genetic covariance between: ./../../../ldsc_analyses/important_sumstats//hip_width.sumstats.gz and ./limb_munged.sumstats.gz
Mean Z*Z: 0.6248
Cross trait Intercept: 0.3124 (0.0098)
Total Observed Scale Genetic Covariance (g_cov): 0.335 (0.0229)
g_cov Z: 14.6
g_cov P-value: 1.5232e-48
     
Calculating genetic covariance [84/105] for traits: ./../../../ldsc_analyses/important_sumstats//hip_width.sumstats.gz and ./cortical_munged.sumstats.gz
1007506 SNPs remain after merging ./../../../ldsc_analyses/important_sumstats//hip_width.sumstats.gz and ./cortical_munged.sumstats.gz summary statistics
Results for genetic covariance between: ./../../../ldsc_analyses/important_sumstats//hip_width.sumstats.gz and ./cortical_munged.sumstats.gz
Mean Z*Z: 0.1496
Cross trait Intercept: 0.0761 (0.0064)
Total Observed Scale Genetic Covariance (g_cov): 0.1105 (0.0227)
g_cov Z: 4.86
g_cov P-value: 1.1815e-06
          
Estimating heritability [85/105] for: ./../../../ldsc_analyses/important_sumstats//new_height.sumstats.gz
Heritability Results for trait: ./../../../ldsc_analyses/important_sumstats//new_height.sumstats.gz
Mean Chi^2 across remaining SNPs: 7.123
Lambda GC: 3.3093
Intercept: 1.6 (0.094)
Ratio: 0.098 (0.0153)
Total Observed Scale h2: 0.5999 (0.0266)
h2 Z: 22.5
     
Calculating genetic covariance [86/105] for traits: ./../../../ldsc_analyses/important_sumstats//new_height.sumstats.gz and ./../../../ldsc_analyses/important_sumstats//shoulder_width.sumstats.gz
1026460 SNPs remain after merging ./../../../ldsc_analyses/important_sumstats//new_height.sumstats.gz and ./../../../ldsc_analyses/important_sumstats//shoulder_width.sumstats.gz summary statistics
Results for genetic covariance between: ./../../../ldsc_analyses/important_sumstats//new_height.sumstats.gz and ./../../../ldsc_analyses/important_sumstats//shoulder_width.sumstats.gz
Mean Z*Z: 0.9772
Cross trait Intercept: 0.1903 (0.0203)
Total Observed Scale Genetic Covariance (g_cov): 0.2453 (0.0168)
g_cov Z: 14.6
g_cov P-value: 4.0171e-48
     
Calculating genetic covariance [87/105] for traits: ./../../../ldsc_analyses/important_sumstats//new_height.sumstats.gz and ./../../../ldsc_analyses/important_sumstats//torso_length.sumstats.gz
1026460 SNPs remain after merging ./../../../ldsc_analyses/important_sumstats//new_height.sumstats.gz and ./../../../ldsc_analyses/important_sumstats//torso_length.sumstats.gz summary statistics
Results for genetic covariance between: ./../../../ldsc_analyses/important_sumstats//new_height.sumstats.gz and ./../../../ldsc_analyses/important_sumstats//torso_length.sumstats.gz
Mean Z*Z: 1.3645
Cross trait Intercept: 0.2448 (0.0232)
Total Observed Scale Genetic Covariance (g_cov): 0.3451 (0.0188)
g_cov Z: 18.4
g_cov P-value: 1.3801e-75
     
Calculating genetic covariance [88/105] for traits: ./../../../ldsc_analyses/important_sumstats//new_height.sumstats.gz and ./trunk_munged.sumstats.gz
1005657 SNPs remain after merging ./../../../ldsc_analyses/important_sumstats//new_height.sumstats.gz and ./trunk_munged.sumstats.gz summary statistics
Results for genetic covariance between: ./../../../ldsc_analyses/important_sumstats//new_height.sumstats.gz and ./trunk_munged.sumstats.gz
Mean Z*Z: 3.0108
Cross trait Intercept: 0.7083 (0.0431)
Total Observed Scale Genetic Covariance (g_cov): 0.7131 (0.0334)
g_cov Z: 21.4
g_cov P-value: 2.8637e-101
     
Calculating genetic covariance [89/105] for traits: ./../../../ldsc_analyses/important_sumstats//new_height.sumstats.gz and ./limb_munged.sumstats.gz
1006607 SNPs remain after merging ./../../../ldsc_analyses/important_sumstats//new_height.sumstats.gz and ./limb_munged.sumstats.gz summary statistics
Results for genetic covariance between: ./../../../ldsc_analyses/important_sumstats//new_height.sumstats.gz and ./limb_munged.sumstats.gz
Mean Z*Z: 2.5376
Cross trait Intercept: 0.5171 (0.0366)
Total Observed Scale Genetic Covariance (g_cov): 0.7245 (0.0351)
g_cov Z: 20.6
g_cov P-value: 1.4664e-94
     
Calculating genetic covariance [90/105] for traits: ./../../../ldsc_analyses/important_sumstats//new_height.sumstats.gz and ./cortical_munged.sumstats.gz
1006744 SNPs remain after merging ./../../../ldsc_analyses/important_sumstats//new_height.sumstats.gz and ./cortical_munged.sumstats.gz summary statistics
Results for genetic covariance between: ./../../../ldsc_analyses/important_sumstats//new_height.sumstats.gz and ./cortical_munged.sumstats.gz
Mean Z*Z: 0.3818
Cross trait Intercept: 0.067 (0.0166)
Total Observed Scale Genetic Covariance (g_cov): 0.156 (0.0215)
g_cov Z: 7.24
g_cov P-value: 4.4319e-13
          
Estimating heritability [91/105] for: ./../../../ldsc_analyses/important_sumstats//shoulder_width.sumstats.gz
Heritability Results for trait: ./../../../ldsc_analyses/important_sumstats//shoulder_width.sumstats.gz
Mean Chi^2 across remaining SNPs: 1.3765
Lambda GC: 1.2596
Intercept: 1.0161 (0.0098)
Ratio: 0.0428 (0.0261)
Total Observed Scale h2: 0.3354 (0.0222)
h2 Z: 15.1
     
Calculating genetic covariance [92/105] for traits: ./../../../ldsc_analyses/important_sumstats//shoulder_width.sumstats.gz and ./../../../ldsc_analyses/important_sumstats//torso_length.sumstats.gz
1027688 SNPs remain after merging ./../../../ldsc_analyses/important_sumstats//shoulder_width.sumstats.gz and ./../../../ldsc_analyses/important_sumstats//torso_length.sumstats.gz summary statistics
Results for genetic covariance between: ./../../../ldsc_analyses/important_sumstats//shoulder_width.sumstats.gz and ./../../../ldsc_analyses/important_sumstats//torso_length.sumstats.gz
Mean Z*Z: 0.5277
Cross trait Intercept: 0.3386 (0.0077)
Total Observed Scale Genetic Covariance (g_cov): 0.1701 (0.0162)
g_cov Z: 10.5
g_cov P-value: 1.1532e-25
     
Calculating genetic covariance [93/105] for traits: ./../../../ldsc_analyses/important_sumstats//shoulder_width.sumstats.gz and ./trunk_munged.sumstats.gz
1005895 SNPs remain after merging ./../../../ldsc_analyses/important_sumstats//shoulder_width.sumstats.gz and ./trunk_munged.sumstats.gz summary statistics
Results for genetic covariance between: ./../../../ldsc_analyses/important_sumstats//shoulder_width.sumstats.gz and ./trunk_munged.sumstats.gz
Mean Z*Z: 0.8743
Cross trait Intercept: 0.4527 (0.0113)
Total Observed Scale Genetic Covariance (g_cov): 0.3868 (0.0227)
g_cov Z: 17
g_cov P-value: 7.5637e-65
     
Calculating genetic covariance [94/105] for traits: ./../../../ldsc_analyses/important_sumstats//shoulder_width.sumstats.gz and ./limb_munged.sumstats.gz
1007094 SNPs remain after merging ./../../../ldsc_analyses/important_sumstats//shoulder_width.sumstats.gz and ./limb_munged.sumstats.gz summary statistics
Results for genetic covariance between: ./../../../ldsc_analyses/important_sumstats//shoulder_width.sumstats.gz and ./limb_munged.sumstats.gz
Mean Z*Z: 0.5332
Cross trait Intercept: 0.2801 (0.0083)
Total Observed Scale Genetic Covariance (g_cov): 0.2689 (0.0222)
g_cov Z: 12.1
g_cov P-value: 1.0423e-33
     
Calculating genetic covariance [95/105] for traits: ./../../../ldsc_analyses/important_sumstats//shoulder_width.sumstats.gz and ./cortical_munged.sumstats.gz
1007634 SNPs remain after merging ./../../../ldsc_analyses/important_sumstats//shoulder_width.sumstats.gz and ./cortical_munged.sumstats.gz summary statistics
Results for genetic covariance between: ./../../../ldsc_analyses/important_sumstats//shoulder_width.sumstats.gz and ./cortical_munged.sumstats.gz
Mean Z*Z: 0.1645
Cross trait Intercept: 0.0954 (0.0064)
Total Observed Scale Genetic Covariance (g_cov): 0.0981 (0.0251)
g_cov Z: 3.92
g_cov P-value: 9.036e-05
          
Estimating heritability [96/105] for: ./../../../ldsc_analyses/important_sumstats//torso_length.sumstats.gz
Heritability Results for trait: ./../../../ldsc_analyses/important_sumstats//torso_length.sumstats.gz
Mean Chi^2 across remaining SNPs: 1.4231
Lambda GC: 1.283
Intercept: 1.0187 (0.0111)
Ratio: 0.0442 (0.0262)
Total Observed Scale h2: 0.3692 (0.0231)
h2 Z: 16
     
Calculating genetic covariance [97/105] for traits: ./../../../ldsc_analyses/important_sumstats//torso_length.sumstats.gz and ./trunk_munged.sumstats.gz
1005895 SNPs remain after merging ./../../../ldsc_analyses/important_sumstats//torso_length.sumstats.gz and ./trunk_munged.sumstats.gz summary statistics
Results for genetic covariance between: ./../../../ldsc_analyses/important_sumstats//torso_length.sumstats.gz and ./trunk_munged.sumstats.gz
Mean Z*Z: 1.1667
Cross trait Intercept: 0.5848 (0.013)
Total Observed Scale Genetic Covariance (g_cov): 0.5295 (0.0269)
g_cov Z: 19.6
g_cov P-value: 5.9948e-86
     
Calculating genetic covariance [98/105] for traits: ./../../../ldsc_analyses/important_sumstats//torso_length.sumstats.gz and ./limb_munged.sumstats.gz
1007052 SNPs remain after merging ./../../../ldsc_analyses/important_sumstats//torso_length.sumstats.gz and ./limb_munged.sumstats.gz summary statistics
Results for genetic covariance between: ./../../../ldsc_analyses/important_sumstats//torso_length.sumstats.gz and ./limb_munged.sumstats.gz
Mean Z*Z: 0.5381
Cross trait Intercept: 0.2349 (0.0093)
Total Observed Scale Genetic Covariance (g_cov): 0.316 (0.0223)
g_cov Z: 14.2
g_cov P-value: 1.1679e-45
     
Calculating genetic covariance [99/105] for traits: ./../../../ldsc_analyses/important_sumstats//torso_length.sumstats.gz and ./cortical_munged.sumstats.gz
1007595 SNPs remain after merging ./../../../ldsc_analyses/important_sumstats//torso_length.sumstats.gz and ./cortical_munged.sumstats.gz summary statistics
Results for genetic covariance between: ./../../../ldsc_analyses/important_sumstats//torso_length.sumstats.gz and ./cortical_munged.sumstats.gz
Mean Z*Z: 0.1406
Cross trait Intercept: 0.0816 (0.006)
Total Observed Scale Genetic Covariance (g_cov): 0.0843 (0.0234)
g_cov Z: 3.61
g_cov P-value: 0.00030785
          
Estimating heritability [100/105] for: ./trunk_munged.sumstats.gz
Heritability Results for trait: ./trunk_munged.sumstats.gz
Mean Chi^2 across remaining SNPs: 2.25
Lambda GC: 1.5919
Intercept: 1.0196 (0.0242)
Ratio: 0.0157 (0.0194)
Total Observed Scale h2: 1.1087 (0.0512)
h2 Z: 21.7
     
Calculating genetic covariance [101/105] for traits: ./trunk_munged.sumstats.gz and ./limb_munged.sumstats.gz
1005505 SNPs remain after merging ./trunk_munged.sumstats.gz and ./limb_munged.sumstats.gz summary statistics
Results for genetic covariance between: ./trunk_munged.sumstats.gz and ./limb_munged.sumstats.gz
Mean Z*Z: 0.5203
Cross trait Intercept: -0.1553 (0.0155)
Total Observed Scale Genetic Covariance (g_cov): 0.7142 (0.0395)
g_cov Z: 18.1
g_cov P-value: 5.0888e-73
     
Calculating genetic covariance [102/105] for traits: ./trunk_munged.sumstats.gz and ./cortical_munged.sumstats.gz
1005844 SNPs remain after merging ./trunk_munged.sumstats.gz and ./cortical_munged.sumstats.gz summary statistics
Results for genetic covariance between: ./trunk_munged.sumstats.gz and ./cortical_munged.sumstats.gz
Mean Z*Z: 0.1839
Cross trait Intercept: 0.0509 (0.0074)
Total Observed Scale Genetic Covariance (g_cov): 0.1954 (0.0304)
g_cov Z: 6.43
g_cov P-value: 1.3014e-10
          
Estimating heritability [103/105] for: ./limb_munged.sumstats.gz
Heritability Results for trait: ./limb_munged.sumstats.gz
Mean Chi^2 across remaining SNPs: 1.8258
Lambda GC: 1.3893
Intercept: 0.9502 (0.0174)
Ratio: -0.0603 (0.021)
Total Observed Scale h2: 1.0621 (0.0539)
h2 Z: 19.7
     
Calculating genetic covariance [104/105] for traits: ./limb_munged.sumstats.gz and ./cortical_munged.sumstats.gz
1007002 SNPs remain after merging ./limb_munged.sumstats.gz and ./cortical_munged.sumstats.gz summary statistics
Results for genetic covariance between: ./limb_munged.sumstats.gz and ./cortical_munged.sumstats.gz
Mean Z*Z: 0.2093
Cross trait Intercept: 0.0951 (0.0079)
Total Observed Scale Genetic Covariance (g_cov): 0.1977 (0.0314)
g_cov Z: 6.29
g_cov P-value: 3.2144e-10
          
Estimating heritability [105/105] for: ./cortical_munged.sumstats.gz
Heritability Results for trait: ./cortical_munged.sumstats.gz
Mean Chi^2 across remaining SNPs: 1.4025
Lambda GC: 1.253
Intercept: 0.9876 (0.0115)
Ratio: -0.0309 (0.0285)
Total Observed Scale h2: 1.0813 (0.0713)
h2 Z: 15.2
     
      
Genetic Correlation Results
Genetic Correlation between Average_Femur and Average_Forearm: 0.8222 (0.0535)
     
Genetic Correlation between Average_Femur and Average_Humerus: 0.8413 (0.0524)
     
Genetic Correlation between Average_Femur and Average_Tibia: 0.8995 (0.0548)
     
Genetic Correlation between Average_Femur and FI: 0.1595 (0.0336)
     
Genetic Correlation between Average_Femur and IC: 0.2161 (0.0365)
     
Genetic Correlation between Average_Femur and SA: 0.1844 (0.0354)
     
Genetic Correlation between Average_Femur and Hip_width: 0.5664 (0.0439)
     
Genetic Correlation between Average_Femur and Height: 0.8571 (0.0433)
     
Genetic Correlation between Average_Femur and Shoulder_width: 0.459 (0.0442)
     
Genetic Correlation between Average_Femur and Torso_length: 0.4849 (0.04)
     
Genetic Correlation between Average_Femur and Trunk_Widths: 0.6387 (0.0385)
     
Genetic Correlation between Average_Femur and Limb_Lengths: 0.9332 (0.0489)
     
Genetic Correlation between Average_Femur and Cortical: 0.192 (0.0354)
     
Genetic Correlation between Average_Forearm and Average_Humerus: 0.8027 (0.0516)
     
Genetic Correlation between Average_Forearm and Average_Tibia: 0.8632 (0.0555)
     
Genetic Correlation between Average_Forearm and FI: 0.1467 (0.037)
     
Genetic Correlation between Average_Forearm and IC: 0.2053 (0.0384)
     
Genetic Correlation between Average_Forearm and SA: 0.1912 (0.0376)
     
Genetic Correlation between Average_Forearm and Hip_width: 0.5604 (0.0448)
     
Genetic Correlation between Average_Forearm and Height: 0.7996 (0.0427)
     
Genetic Correlation between Average_Forearm and Shoulder_width: 0.5147 (0.0468)
     
Genetic Correlation between Average_Forearm and Torso_length: 0.4871 (0.0425)
     
Genetic Correlation between Average_Forearm and Trunk_Widths: 0.6098 (0.0375)
     
Genetic Correlation between Average_Forearm and Limb_Lengths: 0.8858 (0.0497)
     
Genetic Correlation between Average_Forearm and Cortical: 0.1865 (0.0381)
     
Genetic Correlation between Average_Humerus and Average_Tibia: 0.8058 (0.0512)
     
Genetic Correlation between Average_Humerus and FI: 0.1193 (0.0334)
     
Genetic Correlation between Average_Humerus and IC: 0.1657 (0.0357)
     
Genetic Correlation between Average_Humerus and SA: 0.1385 (0.0335)
     
Genetic Correlation between Average_Humerus and Hip_width: 0.509 (0.0422)
     
Genetic Correlation between Average_Humerus and Height: 0.7639 (0.0402)
     
Genetic Correlation between Average_Humerus and Shoulder_width: 0.4891 (0.0467)
     
Genetic Correlation between Average_Humerus and Torso_length: 0.4668 (0.041)
     
Genetic Correlation between Average_Humerus and Trunk_Widths: 0.5599 (0.0359)
     
Genetic Correlation between Average_Humerus and Limb_Lengths: 0.8698 (0.0467)
     
Genetic Correlation between Average_Humerus and Cortical: 0.1445 (0.0346)
     
Genetic Correlation between Average_Tibia and FI: 0.1605 (0.0352)
     
Genetic Correlation between Average_Tibia and IC: 0.2132 (0.0361)
     
Genetic Correlation between Average_Tibia and SA: 0.1957 (0.0357)
     
Genetic Correlation between Average_Tibia and Hip_width: 0.5575 (0.0425)
     
Genetic Correlation between Average_Tibia and Height: 0.8629 (0.0441)
     
Genetic Correlation between Average_Tibia and Shoulder_width: 0.4676 (0.0445)
     
Genetic Correlation between Average_Tibia and Torso_length: 0.4889 (0.0386)
     
Genetic Correlation between Average_Tibia and Trunk_Widths: 0.6486 (0.0389)
     
Genetic Correlation between Average_Tibia and Limb_Lengths: 0.9362 (0.0502)
     
Genetic Correlation between Average_Tibia and Cortical: 0.1961 (0.0364)
     
Genetic Correlation between FI and IC: 0.9269 (0.0601)
     
Genetic Correlation between FI and SA: 0.8473 (0.0558)
     
Genetic Correlation between FI and Hip_width: 0.1472 (0.0339)
     
Genetic Correlation between FI and Height: 0.1536 (0.0237)
     
Genetic Correlation between FI and Shoulder_width: 0.1268 (0.0402)
     
Genetic Correlation between FI and Torso_length: 0.0949 (0.0347)
     
Genetic Correlation between FI and Trunk_Widths: 0.1378 (0.0267)
     
Genetic Correlation between FI and Limb_Lengths: 0.149 (0.0289)
     
Genetic Correlation between FI and Cortical: 0.9649 (0.0631)
     
Genetic Correlation between IC and SA: 0.8365 (0.0563)
     
Genetic Correlation between IC and Hip_width: 0.1999 (0.036)
     
Genetic Correlation between IC and Height: 0.1892 (0.024)
     
Genetic Correlation between IC and Shoulder_width: 0.1789 (0.0447)
     
Genetic Correlation between IC and Torso_length: 0.1454 (0.0372)
     
Genetic Correlation between IC and Trunk_Widths: 0.1735 (0.027)
     
Genetic Correlation between IC and Limb_Lengths: 0.195 (0.0298)
     
Genetic Correlation between IC and Cortical: 0.9595 (0.0625)
     
Genetic Correlation between SA and Hip_width: 0.1668 (0.0361)
     
Genetic Correlation between SA and Height: 0.2103 (0.0262)
     
Genetic Correlation between SA and Shoulder_width: 0.1735 (0.0418)
     
Genetic Correlation between SA and Torso_length: 0.1502 (0.0375)
     
Genetic Correlation between SA and Trunk_Widths: 0.1962 (0.0293)
     
Genetic Correlation between SA and Limb_Lengths: 0.1897 (0.0297)
     
Genetic Correlation between SA and Cortical: 0.9405 (0.0645)
     
Genetic Correlation between Hip_width and Height: 0.6636 (0.0396)
     
Genetic Correlation between Hip_width and Shoulder_width: 0.4948 (0.049)
     
Genetic Correlation between Hip_width and Torso_length: 0.5922 (0.0506)
     
Genetic Correlation between Hip_width and Trunk_Widths: 0.731 (0.0396)
     
Genetic Correlation between Hip_width and Limb_Lengths: 0.5343 (0.0365)
     
Genetic Correlation between Hip_width and Cortical: 0.1746 (0.0359)
     
Genetic Correlation between Height and Shoulder_width: 0.5469 (0.0375)
     
Genetic Correlation between Height and Torso_length: 0.7332 (0.0399)
     
Genetic Correlation between Height and Trunk_Widths: 0.8744 (0.0409)
     
Genetic Correlation between Height and Limb_Lengths: 0.9077 (0.044)
     
Genetic Correlation between Height and Cortical: 0.1937 (0.0267)
     
Genetic Correlation between Shoulder_width and Torso_length: 0.4835 (0.0462)
     
Genetic Correlation between Shoulder_width and Trunk_Widths: 0.6344 (0.0373)
     
Genetic Correlation between Shoulder_width and Limb_Lengths: 0.4506 (0.0372)
     
Genetic Correlation between Shoulder_width and Cortical: 0.1629 (0.0416)
     
Genetic Correlation between Torso_length and Trunk_Widths: 0.8276 (0.0421)
     
Genetic Correlation between Torso_length and Limb_Lengths: 0.5047 (0.0356)
     
Genetic Correlation between Torso_length and Cortical: 0.1334 (0.037)
     
Genetic Correlation between Trunk_Widths and Limb_Lengths: 0.6581 (0.0364)
     
Genetic Correlation between Trunk_Widths and Cortical: 0.1784 (0.0278)
     
Genetic Correlation between Limb_Lengths and Cortical: 0.1845 (0.0293)
     
     
LDSC finished running at 2026-04-10 18:42:22.67151
Running LDSC for all files took 3 minutes and 10 seconds
     
