*********************************************************************
* LD Score Regression (LDSC)
* Version 1.0.1
* (C) 2014-2019 Brendan Bulik-Sullivan and Hilary Finucane
* Broad Institute of MIT and Harvard / MIT Department of Mathematics
* GNU General Public License v3
*********************************************************************
Call: 
./ldsc.py \
--ref-ld-chr ./../../../../../../ldsc/eur_w_ld_chr/ \
--out cortical_ldsc \
--rg ./cortical_munged.sumstats.gz,./../../../ldsc_analyses/important_sumstats/avg_femur.sumstats.gz,./../../../ldsc_analyses/important_sumstats/avg_forearm.sumstats.gz,./../../../ldsc_analyses/important_sumstats/avg_humerus.sumstats.gz,./../../../ldsc_analyses/important_sumstats/avg_tibia.sumstats.gz,./../../../ldsc_analyses/important_sumstats/global_FI.sumstats.gz,./../../../ldsc_analyses/important_sumstats/global_IC.sumstats.gz,./../../../ldsc_analyses/important_sumstats/global_SA.sumstats.gz,./../../../ldsc_analyses/important_sumstats/hip_width.sumstats.gz,./../../../ldsc_analyses/important_sumstats/shoulder_width.sumstats.gz,./../../../ldsc_analyses/important_sumstats/torso_length.sumstats.gz,./../../../ldsc_analyses/important_sumstats/new_height.sumstats.gz \
--w-ld-chr ./../../../../../../ldsc/eur_w_ld_chr/ 

Beginning analysis at Fri Apr 10 18:06:54 2026
Reading summary statistics from ./cortical_munged.sumstats.gz ...
Read summary statistics for 1011612 SNPs.
Reading reference panel LD Score from ./../../../../../../ldsc/eur_w_ld_chr/[1-22] ... (ldscore_fromlist)
Read reference panel LD Scores for 1290028 SNPs.
Removing partitioned LD Scores with zero variance.
Reading regression weight LD Score from ./../../../../../../ldsc/eur_w_ld_chr/[1-22] ... (ldscore_fromlist)
Read regression weight LD Scores for 1290028 SNPs.
After merging with reference panel LD, 1007731 SNPs remain.
After merging with regression SNP LD, 1007731 SNPs remain.
Computing rg for phenotype 2/12
Reading summary statistics from ./../../../ldsc_analyses/important_sumstats/avg_femur.sumstats.gz ...
Read summary statistics for 1217311 SNPs.
After merging with summary statistics, 1007731 SNPs remain.
1007731 SNPs with valid alleles.

Heritability of phenotype 1
---------------------------
Total Observed scale h2: 1.131 (0.0827)
Lambda GC: 1.2531
Mean Chi^2: 1.4158
Intercept: 0.981 (0.0124)
Ratio < 0 (usually indicates GC correction).

Heritability of phenotype 2/12
------------------------------
Total Observed scale h2: 0.4648 (0.0282)
Lambda GC: 1.3374
Mean Chi^2: 1.5507
Intercept: 1.0403 (0.0129)
Ratio: 0.0732 (0.0234)

Genetic Covariance
------------------
Total Observed scale gencov: 0.1437 (0.0265)
Mean z1*z2: 0.2076
Intercept: 0.1125 (0.0074)

Genetic Correlation
-------------------
Genetic Correlation: 0.1982 (0.0339)
Z-score: 5.8454
P: 5.0545e-09

Computing rg for phenotype 3/12
Reading summary statistics from ./../../../ldsc_analyses/important_sumstats/avg_forearm.sumstats.gz ...
Read summary statistics for 1217311 SNPs.
After merging with summary statistics, 1007731 SNPs remain.
1007731 SNPs with valid alleles.

Heritability of phenotype 3/12
------------------------------
Total Observed scale h2: 0.4337 (0.0297)
Lambda GC: 1.3101
Mean Chi^2: 1.5151
Intercept: 1.0337 (0.0139)
Ratio: 0.0653 (0.027)

Genetic Covariance
------------------
Total Observed scale gencov: 0.1331 (0.0272)
Mean z1*z2: 0.198
Intercept: 0.1088 (0.007)

Genetic Correlation
-------------------
Genetic Correlation: 0.1901 (0.0355)
Z-score: 5.3545
P: 8.5816e-08

Computing rg for phenotype 4/12
Reading summary statistics from ./../../../ldsc_analyses/important_sumstats/avg_humerus.sumstats.gz ...
Read summary statistics for 1217311 SNPs.
After merging with summary statistics, 1007731 SNPs remain.
1007731 SNPs with valid alleles.

Heritability of phenotype 4/12
------------------------------
Total Observed scale h2: 0.4462 (0.0293)
Lambda GC: 1.3203
Mean Chi^2: 1.5306
Intercept: 1.0318 (0.0128)
Ratio: 0.06 (0.0242)

Genetic Covariance
------------------
Total Observed scale gencov: 0.1045 (0.0256)
Mean z1*z2: 0.1506
Intercept: 0.0826 (0.0072)

Genetic Correlation
-------------------
Genetic Correlation: 0.1471 (0.0348)
Z-score: 4.2276
P: 2.3623e-05

Computing rg for phenotype 5/12
Reading summary statistics from ./../../../ldsc_analyses/important_sumstats/avg_tibia.sumstats.gz ...
Read summary statistics for 1217311 SNPs.
After merging with summary statistics, 1007731 SNPs remain.
1007730 SNPs with valid alleles.

Heritability of phenotype 5/12
------------------------------
Total Observed scale h2: 0.4602 (0.0289)
Lambda GC: 1.3374
Mean Chi^2: 1.5581
Intercept: 1.052 (0.0132)
Ratio: 0.0931 (0.0236)

Genetic Covariance
------------------
Total Observed scale gencov: 0.1408 (0.0265)
Mean z1*z2: 0.2055
Intercept: 0.1119 (0.0074)

Genetic Correlation
-------------------
Genetic Correlation: 0.1952 (0.0343)
Z-score: 5.6867
P: 1.2954e-08

Computing rg for phenotype 6/12
Reading summary statistics from ./../../../ldsc_analyses/important_sumstats/global_FI.sumstats.gz ...
Read summary statistics for 1217311 SNPs.
After merging with summary statistics, 1007731 SNPs remain.
1007731 SNPs with valid alleles.

Heritability of phenotype 6/12
------------------------------
Total Observed scale h2: 0.3728 (0.0255)
Lambda GC: 1.2899
Mean Chi^2: 1.4383
Intercept: 1.0123 (0.0118)
Ratio: 0.028 (0.027)

Genetic Covariance
------------------
Total Observed scale gencov: 0.6273 (0.0445)
Mean z1*z2: 1.3518
Intercept: 0.9354 (0.0117)

Genetic Correlation
-------------------
Genetic Correlation: 0.9659 (0.0026)
Z-score: 374.3648
P: 0.

Computing rg for phenotype 7/12
Reading summary statistics from ./../../../ldsc_analyses/important_sumstats/global_IC.sumstats.gz ...
Read summary statistics for 1217311 SNPs.
After merging with summary statistics, 1007731 SNPs remain.
1007731 SNPs with valid alleles.

Heritability of phenotype 7/12
------------------------------
Total Observed scale h2: 0.3158 (0.0217)
Lambda GC: 1.2531
Mean Chi^2: 1.3681
Intercept: 1.015 (0.0105)
Ratio: 0.0406 (0.0284)

Genetic Covariance
------------------
Total Observed scale gencov: 0.5748 (0.0411)
Mean z1*z2: 1.2811
Intercept: 0.9042 (0.0109)

Genetic Correlation
-------------------
Genetic Correlation: 0.9618 (0.0038)
Z-score: 252.7872
P: 0.

Computing rg for phenotype 8/12
Reading summary statistics from ./../../../ldsc_analyses/important_sumstats/global_SA.sumstats.gz ...
Read summary statistics for 1217311 SNPs.
After merging with summary statistics, 1007731 SNPs remain.
1007731 SNPs with valid alleles.

Heritability of phenotype 8/12
------------------------------
Total Observed scale h2: 0.4023 (0.032)
Lambda GC: 1.2966
Mean Chi^2: 1.4809
Intercept: 1.0165 (0.0137)
Ratio: 0.0343 (0.0286)

Genetic Covariance
------------------
Total Observed scale gencov: 0.6367 (0.0498)
Mean z1*z2: 1.3405
Intercept: 0.9157 (0.0126)

Genetic Correlation
-------------------
Genetic Correlation: 0.9439 (0.0044)
Z-score: 213.0992
P: 0.

Computing rg for phenotype 9/12
Reading summary statistics from ./../../../ldsc_analyses/important_sumstats/hip_width.sumstats.gz ...
Read summary statistics for 1217311 SNPs.
After merging with summary statistics, 1007731 SNPs remain.
1007731 SNPs with valid alleles.

Heritability of phenotype 9/12
------------------------------
Total Observed scale h2: 0.3855 (0.031)
Lambda GC: 1.2899
Mean Chi^2: 1.449
Intercept: 1.0297 (0.0137)
Ratio: 0.0661 (0.0306)

Genetic Covariance
------------------
Total Observed scale gencov: 0.1193 (0.0254)
Mean z1*z2: 0.1546
Intercept: 0.0739 (0.0069)

Genetic Correlation
-------------------
Genetic Correlation: 0.1806 (0.0338)
Z-score: 5.3489
P: 8.8482e-08

Computing rg for phenotype 10/12
Reading summary statistics from ./../../../ldsc_analyses/important_sumstats/shoulder_width.sumstats.gz ...
Read summary statistics for 1217311 SNPs.
After merging with summary statistics, 1007731 SNPs remain.
1007731 SNPs with valid alleles.

Heritability of phenotype 10/12
-------------------------------
Total Observed scale h2: 0.3358 (0.0231)
Lambda GC: 1.2597
Mean Chi^2: 1.3768
Intercept: 1.016 (0.0102)
Ratio: 0.0424 (0.027)

Genetic Covariance
------------------
Total Observed scale gencov: 0.1093 (0.0276)
Mean z1*z2: 0.1697
Intercept: 0.0927 (0.0066)

Genetic Correlation
-------------------
Genetic Correlation: 0.1774 (0.0408)
Z-score: 4.3456
P: 1.3889e-05

Computing rg for phenotype 11/12
Reading summary statistics from ./../../../ldsc_analyses/important_sumstats/torso_length.sumstats.gz ...
Read summary statistics for 1217311 SNPs.
After merging with summary statistics, 1007731 SNPs remain.
1007731 SNPs with valid alleles.

Heritability of phenotype 11/12
-------------------------------
Total Observed scale h2: 0.3771 (0.0257)
Lambda GC: 1.2865
Mean Chi^2: 1.4296
Intercept: 1.0159 (0.0116)
Ratio: 0.037 (0.0269)

Genetic Covariance
------------------
Total Observed scale gencov: 0.0948 (0.0251)
Mean z1*z2: 0.1455
Intercept: 0.0791 (0.0062)

Genetic Correlation
-------------------
Genetic Correlation: 0.1452 (0.0353)
Z-score: 4.1101
P: 3.9548e-05

Computing rg for phenotype 12/12
Reading summary statistics from ./../../../ldsc_analyses/important_sumstats/new_height.sumstats.gz ...
Read summary statistics for 1217311 SNPs.
After merging with summary statistics, 1007731 SNPs remain.
1007706 SNPs with valid alleles.

Heritability of phenotype 12/12
-------------------------------
Total Observed scale h2: 0.6591 (0.0342)
Lambda GC: 3.3096
Mean Chi^2: 7.9906
Intercept: 1.5058 (0.1173)
Ratio: 0.0724 (0.0168)

Genetic Covariance
------------------
Total Observed scale gencov: 0.1665 (0.0245)
Mean z1*z2: 0.4181
Intercept: 0.0669 (0.0174)

Genetic Correlation
-------------------
Genetic Correlation: 0.1929 (0.0252)
Z-score: 7.6539
P: 1.9502e-14


Summary of Genetic Correlation Results
p1                                                                      p2      rg      se         z           p  h2_obs  h2_obs_se  h2_int  h2_int_se  gcov_int  gcov_int_se
./cortical_munged.sumstats.gz       ./../../../ldsc_analyses/important_sumstats/avg_femur.sumstats.gz  0.1982  0.0339    5.8454  5.0545e-09  0.4648     0.0282  1.0403     0.0129    0.1125       0.0074
./cortical_munged.sumstats.gz     ./../../../ldsc_analyses/important_sumstats/avg_forearm.sumstats.gz  0.1901  0.0355    5.3545  8.5816e-08  0.4337     0.0297  1.0337     0.0139    0.1088       0.0070
./cortical_munged.sumstats.gz     ./../../../ldsc_analyses/important_sumstats/avg_humerus.sumstats.gz  0.1471  0.0348    4.2276  2.3623e-05  0.4462     0.0293  1.0318     0.0128    0.0826       0.0072
./cortical_munged.sumstats.gz       ./../../../ldsc_analyses/important_sumstats/avg_tibia.sumstats.gz  0.1952  0.0343    5.6867  1.2954e-08  0.4602     0.0289  1.0520     0.0132    0.1119       0.0074
./cortical_munged.sumstats.gz       ./../../../ldsc_analyses/important_sumstats/global_FI.sumstats.gz  0.9659  0.0026  374.3648  0.0000e+00  0.3728     0.0255  1.0123     0.0118    0.9354       0.0117
./cortical_munged.sumstats.gz       ./../../../ldsc_analyses/important_sumstats/global_IC.sumstats.gz  0.9618  0.0038  252.7872  0.0000e+00  0.3158     0.0217  1.0150     0.0105    0.9042       0.0109
./cortical_munged.sumstats.gz       ./../../../ldsc_analyses/important_sumstats/global_SA.sumstats.gz  0.9439  0.0044  213.0992  0.0000e+00  0.4023     0.0320  1.0165     0.0137    0.9157       0.0126
./cortical_munged.sumstats.gz       ./../../../ldsc_analyses/important_sumstats/hip_width.sumstats.gz  0.1806  0.0338    5.3489  8.8482e-08  0.3855     0.0310  1.0297     0.0137    0.0739       0.0069
./cortical_munged.sumstats.gz  ./../../../ldsc_analyses/important_sumstats/shoulder_width.sumstats.gz  0.1774  0.0408    4.3456  1.3889e-05  0.3358     0.0231  1.0160     0.0102    0.0927       0.0066
./cortical_munged.sumstats.gz    ./../../../ldsc_analyses/important_sumstats/torso_length.sumstats.gz  0.1452  0.0353    4.1101  3.9548e-05  0.3771     0.0257  1.0159     0.0116    0.0791       0.0062
./cortical_munged.sumstats.gz      ./../../../ldsc_analyses/important_sumstats/new_height.sumstats.gz  0.1929  0.0252    7.6539  1.9502e-14  0.6591     0.0342  1.5058     0.1173    0.0669       0.0174

Analysis finished at Fri Apr 10 18:07:32 2026
Total time elapsed: 37.82s
