*********************************************************************
* LD Score Regression (LDSC)
* Version 1.0.1
* (C) 2014-2019 Brendan Bulik-Sullivan and Hilary Finucane
* Broad Institute of MIT and Harvard / MIT Department of Mathematics
* GNU General Public License v3
*********************************************************************
Call: 
./ldsc.py \
--ref-ld-chr ./../../../../../../ldsc/eur_w_ld_chr/ \
--out trunk_ldsc \
--rg ./trunk_munged.sumstats.gz,./limb_munged.sumstats.gz,./cortical_munged.sumstats.gz,./../../../ldsc_analyses/important_sumstats/avg_femur.sumstats.gz,./../../../ldsc_analyses/important_sumstats/avg_forearm.sumstats.gz,./../../../ldsc_analyses/important_sumstats/avg_humerus.sumstats.gz,./../../../ldsc_analyses/important_sumstats/avg_tibia.sumstats.gz,./../../../ldsc_analyses/important_sumstats/global_FI.sumstats.gz,./../../../ldsc_analyses/important_sumstats/global_IC.sumstats.gz,./../../../ldsc_analyses/important_sumstats/global_SA.sumstats.gz,./../../../ldsc_analyses/important_sumstats/hip_width.sumstats.gz,./../../../ldsc_analyses/important_sumstats/shoulder_width.sumstats.gz,./../../../ldsc_analyses/important_sumstats/torso_length.sumstats.gz,./../../../ldsc_analyses/important_sumstats/new_height.sumstats.gz \
--w-ld-chr ./../../../../../../ldsc/eur_w_ld_chr/ 

Beginning analysis at Fri Apr 10 18:03:23 2026
Reading summary statistics from ./trunk_munged.sumstats.gz ...
Read summary statistics for 1011612 SNPs.
Reading reference panel LD Score from ./../../../../../../ldsc/eur_w_ld_chr/[1-22] ... (ldscore_fromlist)
Read reference panel LD Scores for 1290028 SNPs.
Removing partitioned LD Scores with zero variance.
Reading regression weight LD Score from ./../../../../../../ldsc/eur_w_ld_chr/[1-22] ... (ldscore_fromlist)
Read regression weight LD Scores for 1290028 SNPs.
After merging with reference panel LD, 1007731 SNPs remain.
After merging with regression SNP LD, 1007731 SNPs remain.
Computing rg for phenotype 2/14
Reading summary statistics from ./limb_munged.sumstats.gz ...
Read summary statistics for 1217311 SNPs.
After merging with summary statistics, 1007731 SNPs remain.
1007731 SNPs with valid alleles.

Heritability of phenotype 1
---------------------------
Total Observed scale h2: 1.3407 (0.0825)
Lambda GC: 1.5995
Mean Chi^2: 2.5126
Intercept: 0.9604 (0.0321)
Ratio < 0 (usually indicates GC correction).

Heritability of phenotype 2/14
------------------------------
Total Observed scale h2: 1.1551 (0.0655)
Lambda GC: 1.3929
Mean Chi^2: 1.8971
Intercept: 0.9386 (0.0208)
Ratio < 0 (usually indicates GC correction).

Genetic Covariance
------------------
Total Observed scale gencov: 0.8604 (0.0541)
Mean z1*z2: 0.6589
Intercept: -0.1826 (0.0197)

Genetic Correlation
-------------------
Genetic Correlation: 0.6914 (0.0153)
Z-score: 45.0749
P: 0.

Computing rg for phenotype 3/14
Reading summary statistics from ./cortical_munged.sumstats.gz ...
Read summary statistics for 1217311 SNPs.
After merging with summary statistics, 1007731 SNPs remain.
1007731 SNPs with valid alleles.

Heritability of phenotype 3/14
------------------------------
Total Observed scale h2: 1.131 (0.0827)
Lambda GC: 1.2531
Mean Chi^2: 1.4158
Intercept: 0.981 (0.0124)
Ratio < 0 (usually indicates GC correction).

Genetic Covariance
------------------
Total Observed scale gencov: 0.235 (0.0412)
Mean z1*z2: 0.2153
Intercept: 0.0432 (0.009)

Genetic Correlation
-------------------
Genetic Correlation: 0.1908 (0.0291)
Z-score: 6.5554
P: 5.5486e-11

Computing rg for phenotype 4/14
Reading summary statistics from ./../../../ldsc_analyses/important_sumstats/avg_femur.sumstats.gz ...
Read summary statistics for 1217311 SNPs.
After merging with summary statistics, 1007731 SNPs remain.
1007731 SNPs with valid alleles.

Heritability of phenotype 4/14
------------------------------
Total Observed scale h2: 0.4648 (0.0282)
Lambda GC: 1.3374
Mean Chi^2: 1.5507
Intercept: 1.0403 (0.0129)
Ratio: 0.0732 (0.0234)

Genetic Covariance
------------------
Total Observed scale gencov: 0.5355 (0.0351)
Mean z1*z2: 0.5343
Intercept: -0.067 (0.0153)

Genetic Correlation
-------------------
Genetic Correlation: 0.6783 (0.0185)
Z-score: 36.702
P: 6.791e-295

Computing rg for phenotype 5/14
Reading summary statistics from ./../../../ldsc_analyses/important_sumstats/avg_forearm.sumstats.gz ...
Read summary statistics for 1217311 SNPs.
After merging with summary statistics, 1007731 SNPs remain.
1007731 SNPs with valid alleles.

Heritability of phenotype 5/14
------------------------------
Total Observed scale h2: 0.4337 (0.0297)
Lambda GC: 1.3101
Mean Chi^2: 1.5151
Intercept: 1.0337 (0.0139)
Ratio: 0.0653 (0.027)

Genetic Covariance
------------------
Total Observed scale gencov: 0.4972 (0.0357)
Mean z1*z2: 0.515
Intercept: -0.0486 (0.0154)

Genetic Correlation
-------------------
Genetic Correlation: 0.652 (0.0207)
Z-score: 31.4295
P: 8.003e-217

Computing rg for phenotype 6/14
Reading summary statistics from ./../../../ldsc_analyses/important_sumstats/avg_humerus.sumstats.gz ...
Read summary statistics for 1217311 SNPs.
After merging with summary statistics, 1007731 SNPs remain.
1007731 SNPs with valid alleles.

Heritability of phenotype 6/14
------------------------------
Total Observed scale h2: 0.4462 (0.0293)
Lambda GC: 1.3203
Mean Chi^2: 1.5306
Intercept: 1.0318 (0.0128)
Ratio: 0.06 (0.0242)

Genetic Covariance
------------------
Total Observed scale gencov: 0.4618 (0.0323)
Mean z1*z2: 0.4314
Intercept: -0.0803 (0.014)

Genetic Correlation
-------------------
Genetic Correlation: 0.597 (0.0238)
Z-score: 25.0951
P: 5.6308e-139

Computing rg for phenotype 7/14
Reading summary statistics from ./../../../ldsc_analyses/important_sumstats/avg_tibia.sumstats.gz ...
Read summary statistics for 1217311 SNPs.
After merging with summary statistics, 1007731 SNPs remain.
1007730 SNPs with valid alleles.

Heritability of phenotype 7/14
------------------------------
Total Observed scale h2: 0.4602 (0.0289)
Lambda GC: 1.3374
Mean Chi^2: 1.5581
Intercept: 1.052 (0.0132)
Ratio: 0.0931 (0.0236)

Genetic Covariance
------------------
Total Observed scale gencov: 0.5334 (0.0347)
Mean z1*z2: 0.5043
Intercept: -0.0885 (0.0148)

Genetic Correlation
-------------------
Genetic Correlation: 0.6791 (0.0198)
Z-score: 34.3753
P: 5.8977e-259

Computing rg for phenotype 8/14
Reading summary statistics from ./../../../ldsc_analyses/important_sumstats/global_FI.sumstats.gz ...
Read summary statistics for 1217311 SNPs.
After merging with summary statistics, 1007731 SNPs remain.
1007731 SNPs with valid alleles.

Heritability of phenotype 8/14
------------------------------
Total Observed scale h2: 0.3728 (0.0255)
Lambda GC: 1.2899
Mean Chi^2: 1.4383
Intercept: 1.0123 (0.0118)
Ratio: 0.028 (0.027)

Genetic Covariance
------------------
Total Observed scale gencov: 0.1071 (0.0227)
Mean z1*z2: 0.1761
Intercept: 0.0403 (0.0086)

Genetic Correlation
-------------------
Genetic Correlation: 0.1515 (0.0292)
Z-score: 5.1794
P: 2.2255e-07

Computing rg for phenotype 9/14
Reading summary statistics from ./../../../ldsc_analyses/important_sumstats/global_IC.sumstats.gz ...
Read summary statistics for 1217311 SNPs.
After merging with summary statistics, 1007731 SNPs remain.
1007731 SNPs with valid alleles.

Heritability of phenotype 9/14
------------------------------
Total Observed scale h2: 0.3158 (0.0217)
Lambda GC: 1.2531
Mean Chi^2: 1.3681
Intercept: 1.015 (0.0105)
Ratio: 0.0406 (0.0284)

Genetic Covariance
------------------
Total Observed scale gencov: 0.1208 (0.0203)
Mean z1*z2: 0.1863
Intercept: 0.0344 (0.0079)

Genetic Correlation
-------------------
Genetic Correlation: 0.1856 (0.0278)
Z-score: 6.6784
P: 2.4149e-11

Computing rg for phenotype 10/14
Reading summary statistics from ./../../../ldsc_analyses/important_sumstats/global_SA.sumstats.gz ...
Read summary statistics for 1217311 SNPs.
After merging with summary statistics, 1007731 SNPs remain.
1007731 SNPs with valid alleles.

Heritability of phenotype 10/14
-------------------------------
Total Observed scale h2: 0.4023 (0.032)
Lambda GC: 1.2966
Mean Chi^2: 1.4809
Intercept: 1.0165 (0.0137)
Ratio: 0.0343 (0.0286)

Genetic Covariance
------------------
Total Observed scale gencov: 0.1534 (0.0261)
Mean z1*z2: 0.2399
Intercept: 0.0466 (0.01)

Genetic Correlation
-------------------
Genetic Correlation: 0.2088 (0.0302)
Z-score: 6.924
P: 4.3914e-12

Computing rg for phenotype 11/14
Reading summary statistics from ./../../../ldsc_analyses/important_sumstats/hip_width.sumstats.gz ...
Read summary statistics for 1217311 SNPs.
After merging with summary statistics, 1007731 SNPs remain.
1007731 SNPs with valid alleles.

Heritability of phenotype 11/14
-------------------------------
Total Observed scale h2: 0.3855 (0.031)
Lambda GC: 1.2899
Mean Chi^2: 1.449
Intercept: 1.0297 (0.0137)
Ratio: 0.0661 (0.0306)

Genetic Covariance
------------------
Total Observed scale gencov: 0.5853 (0.0436)
Mean z1*z2: 1.1671
Intercept: 0.5159 (0.017)

Genetic Correlation
-------------------
Genetic Correlation: 0.8142 (0.0141)
Z-score: 57.7331
P: 0.

Computing rg for phenotype 12/14
Reading summary statistics from ./../../../ldsc_analyses/important_sumstats/shoulder_width.sumstats.gz ...
Read summary statistics for 1217311 SNPs.
After merging with summary statistics, 1007731 SNPs remain.
1007731 SNPs with valid alleles.

Heritability of phenotype 12/14
-------------------------------
Total Observed scale h2: 0.3358 (0.0231)
Lambda GC: 1.2597
Mean Chi^2: 1.3768
Intercept: 1.016 (0.0102)
Ratio: 0.0424 (0.027)

Genetic Covariance
------------------
Total Observed scale gencov: 0.4677 (0.0333)
Mean z1*z2: 0.9555
Intercept: 0.4316 (0.0136)

Genetic Correlation
-------------------
Genetic Correlation: 0.697 (0.0189)
Z-score: 36.8505
P: 2.8721e-297

Computing rg for phenotype 13/14
Reading summary statistics from ./../../../ldsc_analyses/important_sumstats/torso_length.sumstats.gz ...
Read summary statistics for 1217311 SNPs.
After merging with summary statistics, 1007731 SNPs remain.
1007731 SNPs with valid alleles.

Heritability of phenotype 13/14
-------------------------------
Total Observed scale h2: 0.3771 (0.0257)
Lambda GC: 1.2865
Mean Chi^2: 1.4296
Intercept: 1.0159 (0.0116)
Ratio: 0.037 (0.0269)

Genetic Covariance
------------------
Total Observed scale gencov: 0.6357 (0.0403)
Mean z1*z2: 1.276
Intercept: 0.5568 (0.0163)

Genetic Correlation
-------------------
Genetic Correlation: 0.894 (0.0105)
Z-score: 85.2578
P: 0.

Computing rg for phenotype 14/14
Reading summary statistics from ./../../../ldsc_analyses/important_sumstats/new_height.sumstats.gz ...
Read summary statistics for 1217311 SNPs.
After merging with summary statistics, 1007731 SNPs remain.
1007706 SNPs with valid alleles.

Heritability of phenotype 14/14
-------------------------------
Total Observed scale h2: 0.6591 (0.0342)
Lambda GC: 3.3096
Mean Chi^2: 7.9906
Intercept: 1.5058 (0.1173)
Ratio: 0.0724 (0.0168)

Genetic Covariance
------------------
Total Observed scale gencov: 0.843 (0.0466)
Mean z1*z2: 3.5029
Intercept: 0.6352 (0.0525)

Genetic Correlation
-------------------
Genetic Correlation: 0.8969 (0.006)
Z-score: 148.8068
P: 0.


Summary of Genetic Correlation Results
p1                                                                      p2      rg      se         z            p  h2_obs  h2_obs_se  h2_int  h2_int_se  gcov_int  gcov_int_se
./trunk_munged.sumstats.gz                                               ./limb_munged.sumstats.gz  0.6914  0.0153   45.0749   0.0000e+00  1.1551     0.0655  0.9386     0.0208   -0.1826       0.0197
./trunk_munged.sumstats.gz                                           ./cortical_munged.sumstats.gz  0.1908  0.0291    6.5554   5.5486e-11  1.1310     0.0827  0.9810     0.0124    0.0432       0.0090
./trunk_munged.sumstats.gz       ./../../../ldsc_analyses/important_sumstats/avg_femur.sumstats.gz  0.6783  0.0185   36.7020  6.7910e-295  0.4648     0.0282  1.0403     0.0129   -0.0670       0.0153
./trunk_munged.sumstats.gz     ./../../../ldsc_analyses/important_sumstats/avg_forearm.sumstats.gz  0.6520  0.0207   31.4295  8.0030e-217  0.4337     0.0297  1.0337     0.0139   -0.0486       0.0154
./trunk_munged.sumstats.gz     ./../../../ldsc_analyses/important_sumstats/avg_humerus.sumstats.gz  0.5970  0.0238   25.0951  5.6308e-139  0.4462     0.0293  1.0318     0.0128   -0.0803       0.0140
./trunk_munged.sumstats.gz       ./../../../ldsc_analyses/important_sumstats/avg_tibia.sumstats.gz  0.6791  0.0198   34.3753  5.8977e-259  0.4602     0.0289  1.0520     0.0132   -0.0885       0.0148
./trunk_munged.sumstats.gz       ./../../../ldsc_analyses/important_sumstats/global_FI.sumstats.gz  0.1515  0.0292    5.1794   2.2255e-07  0.3728     0.0255  1.0123     0.0118    0.0403       0.0086
./trunk_munged.sumstats.gz       ./../../../ldsc_analyses/important_sumstats/global_IC.sumstats.gz  0.1856  0.0278    6.6784   2.4149e-11  0.3158     0.0217  1.0150     0.0105    0.0344       0.0079
./trunk_munged.sumstats.gz       ./../../../ldsc_analyses/important_sumstats/global_SA.sumstats.gz  0.2088  0.0302    6.9240   4.3914e-12  0.4023     0.0320  1.0165     0.0137    0.0466       0.0100
./trunk_munged.sumstats.gz       ./../../../ldsc_analyses/important_sumstats/hip_width.sumstats.gz  0.8142  0.0141   57.7331   0.0000e+00  0.3855     0.0310  1.0297     0.0137    0.5159       0.0170
./trunk_munged.sumstats.gz  ./../../../ldsc_analyses/important_sumstats/shoulder_width.sumstats.gz  0.6970  0.0189   36.8505  2.8721e-297  0.3358     0.0231  1.0160     0.0102    0.4316       0.0136
./trunk_munged.sumstats.gz    ./../../../ldsc_analyses/important_sumstats/torso_length.sumstats.gz  0.8940  0.0105   85.2578   0.0000e+00  0.3771     0.0257  1.0159     0.0116    0.5568       0.0163
./trunk_munged.sumstats.gz      ./../../../ldsc_analyses/important_sumstats/new_height.sumstats.gz  0.8969  0.0060  148.8068   0.0000e+00  0.6591     0.0342  1.5058     0.1173    0.6352       0.0525

Analysis finished at Fri Apr 10 18:04:13 2026
Total time elapsed: 50.2s
